2018-10-08 10:25:23,944 [Worker-4: Loading available Gradle versions] INFO  c.g.t.t.d.PublishedGradleVersions - Gradle version information cache is up-to-date. Trying to read.
2018-10-08 10:26:05,054 [Worker-4: Creating maven-archetype-quickstart] INFO  o.e.m.c.i.p.ProjectConfigurationManager - Collecting project info '/pom.xml' C:\Users\NAHBJ78\Documents\Java_AcaDDemICT_Track\JAVA_XML_PROCESSING\Exercices\SaxManager\pom.xml
2018-10-08 10:26:06,220 [Worker-4: Creating maven-archetype-quickstart] INFO  o.e.m.c.i.l.LifecycleMappingFactory - Using org.eclipse.m2e.jdt.JarLifecycleMapping lifecycle mapping for MavenProject: com.realdolmen.xml:SaxManager:0.0.1-SNAPSHOT @ C:\Users\NAHBJ78\Documents\Java_AcaDDemICT_Track\JAVA_XML_PROCESSING\Exercices\SaxManager\pom.xml.
2018-10-08 10:26:07,056 [Worker-4: Creating maven-archetype-quickstart] INFO  o.e.m.j.i.AbstractJavaProjectConfigurator - Adding source folder /SaxManager/src/main/java
2018-10-08 10:26:07,066 [Worker-4: Creating maven-archetype-quickstart] INFO  o.e.m.j.i.AbstractJavaProjectConfigurator - Adding source folder /SaxManager/src/test/java
2018-10-08 10:26:07,877 [Worker-4: Creating maven-archetype-quickstart] INFO  o.e.m.c.i.p.ProjectConfigurationManager - Imported and configured 1 project(s) in 2 sec
2018-10-08 10:26:08,714 [Worker-5: Building workspace] INFO  o.e.m.c.i.embedder.EclipseLogger - Using 'UTF-8' encoding to copy filtered resources.
2018-10-08 10:26:08,715 [Worker-5: Building workspace] INFO  o.e.m.c.i.embedder.EclipseLogger - skip non existing resourceDirectory C:\Users\NAHBJ78\Documents\Java_AcaDDemICT_Track\JAVA_XML_PROCESSING\Exercices\SaxManager\src\main\resources
2018-10-08 10:26:08,717 [Worker-5: Building workspace] INFO  o.e.m.c.i.embedder.EclipseLogger - Using 'UTF-8' encoding to copy filtered resources.
2018-10-08 10:26:08,717 [Worker-5: Building workspace] INFO  o.e.m.c.i.embedder.EclipseLogger - skip non existing resourceDirectory C:\Users\NAHBJ78\Documents\Java_AcaDDemICT_Track\JAVA_XML_PROCESSING\Exercices\SaxManager\src\test\resources
2018-10-08 10:26:17,255 [Worker-7: Building workspace] INFO  o.e.m.c.i.embedder.EclipseLogger - Using 'UTF-8' encoding to copy filtered resources.
2018-10-08 10:26:17,256 [Worker-7: Building workspace] INFO  o.e.m.c.i.embedder.EclipseLogger - skip non existing resourceDirectory C:\Users\NAHBJ78\Documents\Java_AcaDDemICT_Track\JAVA_XML_PROCESSING\Exercices\SaxManager\src\main\resources
2018-10-08 10:26:17,257 [Worker-7: Building workspace] INFO  o.e.m.c.i.embedder.EclipseLogger - Using 'UTF-8' encoding to copy filtered resources.
2018-10-08 10:26:17,257 [Worker-7: Building workspace] INFO  o.e.m.c.i.embedder.EclipseLogger - skip non existing resourceDirectory C:\Users\NAHBJ78\Documents\Java_AcaDDemICT_Track\JAVA_XML_PROCESSING\Exercices\SaxManager\src\test\resources
2018-10-08 10:26:33,756 [Worker-7: Building workspace] INFO  o.e.m.c.i.embedder.EclipseLogger - Using 'UTF-8' encoding to copy filtered resources.
2018-10-08 10:26:33,756 [Worker-7: Building workspace] INFO  o.e.m.c.i.embedder.EclipseLogger - skip non existing resourceDirectory C:\Users\NAHBJ78\Documents\Java_AcaDDemICT_Track\JAVA_XML_PROCESSING\Exercices\SaxManager\src\main\resources
2018-10-08 10:26:33,758 [Worker-7: Building workspace] INFO  o.e.m.c.i.embedder.EclipseLogger - Using 'UTF-8' encoding to copy filtered resources.
2018-10-08 10:26:33,759 [Worker-7: Building workspace] INFO  o.e.m.c.i.embedder.EclipseLogger - skip non existing resourceDirectory C:\Users\NAHBJ78\Documents\Java_AcaDDemICT_Track\JAVA_XML_PROCESSING\Exercices\SaxManager\src\test\resources
2018-10-08 10:27:44,619 [Worker-7: Building workspace] INFO  o.e.m.c.i.embedder.EclipseLogger - Using 'UTF-8' encoding to copy filtered resources.
2018-10-08 10:27:44,619 [Worker-7: Building workspace] INFO  o.e.m.c.i.embedder.EclipseLogger - skip non existing resourceDirectory C:\Users\NAHBJ78\Documents\Java_AcaDDemICT_Track\JAVA_XML_PROCESSING\Exercices\SaxManager\src\main\resources
2018-10-08 10:27:44,621 [Worker-7: Building workspace] INFO  o.e.m.c.i.embedder.EclipseLogger - Using 'UTF-8' encoding to copy filtered resources.
2018-10-08 10:27:44,621 [Worker-7: Building workspace] INFO  o.e.m.c.i.embedder.EclipseLogger - skip non existing resourceDirectory C:\Users\NAHBJ78\Documents\Java_AcaDDemICT_Track\JAVA_XML_PROCESSING\Exercices\SaxManager\src\test\resources
2018-10-08 10:29:46,725 [Worker-0: Building workspace] INFO  o.e.m.c.i.embedder.EclipseLogger - Using 'UTF-8' encoding to copy filtered resources.
2018-10-08 10:29:46,725 [Worker-0: Building workspace] INFO  o.e.m.c.i.embedder.EclipseLogger - skip non existing resourceDirectory C:\Users\NAHBJ78\Documents\Java_AcaDDemICT_Track\JAVA_XML_PROCESSING\Exercices\SaxManager\src\main\resources
2018-10-08 10:29:46,727 [Worker-0: Building workspace] INFO  o.e.m.c.i.embedder.EclipseLogger - Using 'UTF-8' encoding to copy filtered resources.
2018-10-08 10:29:46,727 [Worker-0: Building workspace] INFO  o.e.m.c.i.embedder.EclipseLogger - skip non existing resourceDirectory C:\Users\NAHBJ78\Documents\Java_AcaDDemICT_Track\JAVA_XML_PROCESSING\Exercices\SaxManager\src\test\resources
2018-10-08 10:29:57,108 [Worker-0: Building workspace] INFO  o.e.m.c.i.embedder.EclipseLogger - Using 'UTF-8' encoding to copy filtered resources.
2018-10-08 10:29:57,108 [Worker-0: Building workspace] INFO  o.e.m.c.i.embedder.EclipseLogger - skip non existing resourceDirectory C:\Users\NAHBJ78\Documents\Java_AcaDDemICT_Track\JAVA_XML_PROCESSING\Exercices\SaxManager\src\main\resources
2018-10-08 10:29:57,110 [Worker-0: Building workspace] INFO  o.e.m.c.i.embedder.EclipseLogger - Using 'UTF-8' encoding to copy filtered resources.
2018-10-08 10:29:57,110 [Worker-0: Building workspace] INFO  o.e.m.c.i.embedder.EclipseLogger - skip non existing resourceDirectory C:\Users\NAHBJ78\Documents\Java_AcaDDemICT_Track\JAVA_XML_PROCESSING\Exercices\SaxManager\src\test\resources
2018-10-08 10:31:28,882 [Worker-4: Building workspace] INFO  o.e.m.c.i.embedder.EclipseLogger - Using 'UTF-8' encoding to copy filtered resources.
2018-10-08 10:31:28,882 [Worker-4: Building workspace] INFO  o.e.m.c.i.embedder.EclipseLogger - skip non existing resourceDirectory C:\Users\NAHBJ78\Documents\Java_AcaDDemICT_Track\JAVA_XML_PROCESSING\Exercices\SaxManager\src\main\resources
2018-10-08 10:31:28,884 [Worker-4: Building workspace] INFO  o.e.m.c.i.embedder.EclipseLogger - Using 'UTF-8' encoding to copy filtered resources.
2018-10-08 10:31:28,885 [Worker-4: Building workspace] INFO  o.e.m.c.i.embedder.EclipseLogger - skip non existing resourceDirectory C:\Users\NAHBJ78\Documents\Java_AcaDDemICT_Track\JAVA_XML_PROCESSING\Exercices\SaxManager\src\test\resources
2018-10-08 10:32:39,783 [Worker-5: Building workspace] INFO  o.e.m.c.i.embedder.EclipseLogger - Using 'UTF-8' encoding to copy filtered resources.
2018-10-08 10:32:39,784 [Worker-5: Building workspace] INFO  o.e.m.c.i.embedder.EclipseLogger - skip non existing resourceDirectory C:\Users\NAHBJ78\Documents\Java_AcaDDemICT_Track\JAVA_XML_PROCESSING\Exercices\SaxManager\src\main\resources
2018-10-08 10:32:39,787 [Worker-5: Building workspace] INFO  o.e.m.c.i.embedder.EclipseLogger - Using 'UTF-8' encoding to copy filtered resources.
2018-10-08 10:32:39,788 [Worker-5: Building workspace] INFO  o.e.m.c.i.embedder.EclipseLogger - skip non existing resourceDirectory C:\Users\NAHBJ78\Documents\Java_AcaDDemICT_Track\JAVA_XML_PROCESSING\Exercices\SaxManager\src\test\resources
2018-10-08 10:33:19,718 [Worker-4: Building workspace] INFO  o.e.m.c.i.embedder.EclipseLogger - Using 'UTF-8' encoding to copy filtered resources.
2018-10-08 10:33:19,719 [Worker-4: Building workspace] INFO  o.e.m.c.i.embedder.EclipseLogger - skip non existing resourceDirectory C:\Users\NAHBJ78\Documents\Java_AcaDDemICT_Track\JAVA_XML_PROCESSING\Exercices\SaxManager\src\main\resources
2018-10-08 10:33:19,721 [Worker-4: Building workspace] INFO  o.e.m.c.i.embedder.EclipseLogger - Using 'UTF-8' encoding to copy filtered resources.
2018-10-08 10:33:19,721 [Worker-4: Building workspace] INFO  o.e.m.c.i.embedder.EclipseLogger - skip non existing resourceDirectory C:\Users\NAHBJ78\Documents\Java_AcaDDemICT_Track\JAVA_XML_PROCESSING\Exercices\SaxManager\src\test\resources
2018-10-08 10:33:25,191 [Worker-1: Building workspace] INFO  o.e.m.c.i.embedder.EclipseLogger - Using 'UTF-8' encoding to copy filtered resources.
2018-10-08 10:33:25,191 [Worker-1: Building workspace] INFO  o.e.m.c.i.embedder.EclipseLogger - skip non existing resourceDirectory C:\Users\NAHBJ78\Documents\Java_AcaDDemICT_Track\JAVA_XML_PROCESSING\Exercices\SaxManager\src\main\resources
2018-10-08 10:33:25,193 [Worker-1: Building workspace] INFO  o.e.m.c.i.embedder.EclipseLogger - Using 'UTF-8' encoding to copy filtered resources.
2018-10-08 10:33:25,194 [Worker-1: Building workspace] INFO  o.e.m.c.i.embedder.EclipseLogger - skip non existing resourceDirectory C:\Users\NAHBJ78\Documents\Java_AcaDDemICT_Track\JAVA_XML_PROCESSING\Exercices\SaxManager\src\test\resources
2018-10-08 10:33:31,630 [Worker-0: Building workspace] INFO  o.e.m.c.i.embedder.EclipseLogger - Using 'UTF-8' encoding to copy filtered resources.
2018-10-08 10:33:31,631 [Worker-0: Building workspace] INFO  o.e.m.c.i.embedder.EclipseLogger - skip non existing resourceDirectory C:\Users\NAHBJ78\Documents\Java_AcaDDemICT_Track\JAVA_XML_PROCESSING\Exercices\SaxManager\src\main\resources
2018-10-08 10:33:31,632 [Worker-0: Building workspace] INFO  o.e.m.c.i.embedder.EclipseLogger - Using 'UTF-8' encoding to copy filtered resources.
2018-10-08 10:33:31,633 [Worker-0: Building workspace] INFO  o.e.m.c.i.embedder.EclipseLogger - skip non existing resourceDirectory C:\Users\NAHBJ78\Documents\Java_AcaDDemICT_Track\JAVA_XML_PROCESSING\Exercices\SaxManager\src\test\resources
2018-10-08 10:36:18,431 [Worker-2: Building workspace] INFO  o.e.m.c.i.embedder.EclipseLogger - Using 'UTF-8' encoding to copy filtered resources.
2018-10-08 10:36:18,432 [Worker-2: Building workspace] INFO  o.e.m.c.i.embedder.EclipseLogger - skip non existing resourceDirectory C:\Users\NAHBJ78\Documents\Java_AcaDDemICT_Track\JAVA_XML_PROCESSING\Exercices\SaxManager\src\main\resources
2018-10-08 10:36:18,433 [Worker-2: Building workspace] INFO  o.e.m.c.i.embedder.EclipseLogger - Using 'UTF-8' encoding to copy filtered resources.
2018-10-08 10:36:18,434 [Worker-2: Building workspace] INFO  o.e.m.c.i.embedder.EclipseLogger - skip non existing resourceDirectory C:\Users\NAHBJ78\Documents\Java_AcaDDemICT_Track\JAVA_XML_PROCESSING\Exercices\SaxManager\src\test\resources
2018-10-08 10:38:36,026 [Worker-5: Building workspace] INFO  o.e.m.c.i.embedder.EclipseLogger - Using 'UTF-8' encoding to copy filtered resources.
2018-10-08 10:38:36,026 [Worker-5: Building workspace] INFO  o.e.m.c.i.embedder.EclipseLogger - skip non existing resourceDirectory C:\Users\NAHBJ78\Documents\Java_AcaDDemICT_Track\JAVA_XML_PROCESSING\Exercices\SaxManager\src\main\resources
2018-10-08 10:38:36,029 [Worker-5: Building workspace] INFO  o.e.m.c.i.embedder.EclipseLogger - Using 'UTF-8' encoding to copy filtered resources.
2018-10-08 10:38:36,029 [Worker-5: Building workspace] INFO  o.e.m.c.i.embedder.EclipseLogger - skip non existing resourceDirectory C:\Users\NAHBJ78\Documents\Java_AcaDDemICT_Track\JAVA_XML_PROCESSING\Exercices\SaxManager\src\test\resources
2018-10-08 10:39:47,256 [Worker-12: Building workspace] INFO  o.e.m.c.i.embedder.EclipseLogger - Using 'UTF-8' encoding to copy filtered resources.
2018-10-08 10:39:47,257 [Worker-12: Building workspace] INFO  o.e.m.c.i.embedder.EclipseLogger - skip non existing resourceDirectory C:\Users\NAHBJ78\Documents\Java_AcaDDemICT_Track\JAVA_XML_PROCESSING\Exercices\SaxManager\src\main\resources
2018-10-08 10:39:47,260 [Worker-12: Building workspace] INFO  o.e.m.c.i.embedder.EclipseLogger - Using 'UTF-8' encoding to copy filtered resources.
2018-10-08 10:39:47,261 [Worker-12: Building workspace] INFO  o.e.m.c.i.embedder.EclipseLogger - skip non existing resourceDirectory C:\Users\NAHBJ78\Documents\Java_AcaDDemICT_Track\JAVA_XML_PROCESSING\Exercices\SaxManager\src\test\resources
2018-10-08 10:40:00,064 [Worker-3: Building workspace] INFO  o.e.m.c.i.embedder.EclipseLogger - Using 'UTF-8' encoding to copy filtered resources.
2018-10-08 10:40:00,065 [Worker-3: Building workspace] INFO  o.e.m.c.i.embedder.EclipseLogger - skip non existing resourceDirectory C:\Users\NAHBJ78\Documents\Java_AcaDDemICT_Track\JAVA_XML_PROCESSING\Exercices\SaxManager\src\main\resources
2018-10-08 10:40:00,066 [Worker-3: Building workspace] INFO  o.e.m.c.i.embedder.EclipseLogger - Using 'UTF-8' encoding to copy filtered resources.
2018-10-08 10:40:00,066 [Worker-3: Building workspace] INFO  o.e.m.c.i.embedder.EclipseLogger - skip non existing resourceDirectory C:\Users\NAHBJ78\Documents\Java_AcaDDemICT_Track\JAVA_XML_PROCESSING\Exercices\SaxManager\src\test\resources
2018-10-08 10:40:18,183 [Worker-5: Building workspace] INFO  o.e.m.c.i.embedder.EclipseLogger - Using 'UTF-8' encoding to copy filtered resources.
2018-10-08 10:40:18,183 [Worker-5: Building workspace] INFO  o.e.m.c.i.embedder.EclipseLogger - skip non existing resourceDirectory C:\Users\NAHBJ78\Documents\Java_AcaDDemICT_Track\JAVA_XML_PROCESSING\Exercices\SaxManager\src\main\resources
2018-10-08 10:40:18,190 [Worker-5: Building workspace] INFO  o.e.m.c.i.embedder.EclipseLogger - Using 'UTF-8' encoding to copy filtered resources.
2018-10-08 10:40:18,190 [Worker-5: Building workspace] INFO  o.e.m.c.i.embedder.EclipseLogger - skip non existing resourceDirectory C:\Users\NAHBJ78\Documents\Java_AcaDDemICT_Track\JAVA_XML_PROCESSING\Exercices\SaxManager\src\test\resources
2018-10-08 10:41:20,524 [Worker-5: Building workspace] INFO  o.e.m.c.i.embedder.EclipseLogger - Using 'UTF-8' encoding to copy filtered resources.
2018-10-08 10:41:20,525 [Worker-5: Building workspace] INFO  o.e.m.c.i.embedder.EclipseLogger - skip non existing resourceDirectory C:\Users\NAHBJ78\Documents\Java_AcaDDemICT_Track\JAVA_XML_PROCESSING\Exercices\SaxManager\src\main\resources
2018-10-08 10:41:20,528 [Worker-5: Building workspace] INFO  o.e.m.c.i.embedder.EclipseLogger - Using 'UTF-8' encoding to copy filtered resources.
2018-10-08 10:41:20,529 [Worker-5: Building workspace] INFO  o.e.m.c.i.embedder.EclipseLogger - skip non existing resourceDirectory C:\Users\NAHBJ78\Documents\Java_AcaDDemICT_Track\JAVA_XML_PROCESSING\Exercices\SaxManager\src\test\resources
2018-10-08 10:42:36,728 [Worker-11: Building workspace] INFO  o.e.m.c.i.embedder.EclipseLogger - Using 'UTF-8' encoding to copy filtered resources.
2018-10-08 10:42:36,744 [Worker-11: Building workspace] INFO  o.e.m.c.i.embedder.EclipseLogger - Copying 1 resource
2018-10-08 10:42:36,759 [Worker-11: Building workspace] INFO  o.e.m.c.i.embedder.EclipseLogger - Using 'UTF-8' encoding to copy filtered resources.
2018-10-08 10:42:36,759 [Worker-11: Building workspace] INFO  o.e.m.c.i.embedder.EclipseLogger - skip non existing resourceDirectory C:\Users\NAHBJ78\Documents\Java_AcaDDemICT_Track\JAVA_XML_PROCESSING\Exercices\SaxManager\src\test\resources
2018-10-08 10:45:04,361 [Worker-5: Building workspace] INFO  o.e.m.c.i.embedder.EclipseLogger - Using 'UTF-8' encoding to copy filtered resources.
2018-10-08 10:45:04,364 [Worker-5: Building workspace] INFO  o.e.m.c.i.embedder.EclipseLogger - Copying 1 resource
2018-10-08 10:45:04,366 [Worker-5: Building workspace] INFO  o.e.m.c.i.embedder.EclipseLogger - Using 'UTF-8' encoding to copy filtered resources.
2018-10-08 10:45:04,366 [Worker-5: Building workspace] INFO  o.e.m.c.i.embedder.EclipseLogger - skip non existing resourceDirectory C:\Users\NAHBJ78\Documents\Java_AcaDDemICT_Track\JAVA_XML_PROCESSING\Exercices\SaxManager\src\test\resources
2018-10-08 10:45:31,571 [Worker-11: Building workspace] INFO  o.e.m.c.i.embedder.EclipseLogger - Using 'UTF-8' encoding to copy filtered resources.
2018-10-08 10:45:31,572 [Worker-11: Building workspace] INFO  o.e.m.c.i.embedder.EclipseLogger - Copying 1 resource
2018-10-08 10:45:31,574 [Worker-11: Building workspace] INFO  o.e.m.c.i.embedder.EclipseLogger - Using 'UTF-8' encoding to copy filtered resources.
2018-10-08 10:45:31,575 [Worker-11: Building workspace] INFO  o.e.m.c.i.embedder.EclipseLogger - skip non existing resourceDirectory C:\Users\NAHBJ78\Documents\Java_AcaDDemICT_Track\JAVA_XML_PROCESSING\Exercices\SaxManager\src\test\resources
2018-10-08 10:46:34,055 [Worker-4: Building workspace] INFO  o.e.m.c.i.embedder.EclipseLogger - Using 'UTF-8' encoding to copy filtered resources.
2018-10-08 10:46:34,057 [Worker-4: Building workspace] INFO  o.e.m.c.i.embedder.EclipseLogger - Copying 1 resource
2018-10-08 10:46:34,059 [Worker-4: Building workspace] INFO  o.e.m.c.i.embedder.EclipseLogger - Using 'UTF-8' encoding to copy filtered resources.
2018-10-08 10:46:34,059 [Worker-4: Building workspace] INFO  o.e.m.c.i.embedder.EclipseLogger - skip non existing resourceDirectory C:\Users\NAHBJ78\Documents\Java_AcaDDemICT_Track\JAVA_XML_PROCESSING\Exercices\SaxManager\src\test\resources
2018-10-08 10:47:19,856 [Worker-5: Building workspace] INFO  o.e.m.c.i.embedder.EclipseLogger - Using 'UTF-8' encoding to copy filtered resources.
2018-10-08 10:47:19,858 [Worker-5: Building workspace] INFO  o.e.m.c.i.embedder.EclipseLogger - Copying 1 resource
2018-10-08 10:47:19,860 [Worker-5: Building workspace] INFO  o.e.m.c.i.embedder.EclipseLogger - Using 'UTF-8' encoding to copy filtered resources.
2018-10-08 10:47:19,861 [Worker-5: Building workspace] INFO  o.e.m.c.i.embedder.EclipseLogger - skip non existing resourceDirectory C:\Users\NAHBJ78\Documents\Java_AcaDDemICT_Track\JAVA_XML_PROCESSING\Exercices\SaxManager\src\test\resources
2018-10-08 10:48:23,843 [Worker-4: Building workspace] INFO  o.e.m.c.i.embedder.EclipseLogger - Using 'UTF-8' encoding to copy filtered resources.
2018-10-08 10:48:23,845 [Worker-4: Building workspace] INFO  o.e.m.c.i.embedder.EclipseLogger - Copying 1 resource
2018-10-08 10:48:23,848 [Worker-4: Building workspace] INFO  o.e.m.c.i.embedder.EclipseLogger - Using 'UTF-8' encoding to copy filtered resources.
2018-10-08 10:48:23,849 [Worker-4: Building workspace] INFO  o.e.m.c.i.embedder.EclipseLogger - skip non existing resourceDirectory C:\Users\NAHBJ78\Documents\Java_AcaDDemICT_Track\JAVA_XML_PROCESSING\Exercices\SaxManager\src\test\resources
2018-10-08 10:48:55,203 [Worker-9: Building workspace] INFO  o.e.m.c.i.embedder.EclipseLogger - Using 'UTF-8' encoding to copy filtered resources.
2018-10-08 10:48:55,204 [Worker-9: Building workspace] INFO  o.e.m.c.i.embedder.EclipseLogger - Copying 1 resource
2018-10-08 10:48:55,205 [Worker-9: Building workspace] INFO  o.e.m.c.i.embedder.EclipseLogger - Using 'UTF-8' encoding to copy filtered resources.
2018-10-08 10:48:55,206 [Worker-9: Building workspace] INFO  o.e.m.c.i.embedder.EclipseLogger - skip non existing resourceDirectory C:\Users\NAHBJ78\Documents\Java_AcaDDemICT_Track\JAVA_XML_PROCESSING\Exercices\SaxManager\src\test\resources
2018-10-08 10:49:24,398 [Worker-9: Building workspace] INFO  o.e.m.c.i.embedder.EclipseLogger - Using 'UTF-8' encoding to copy filtered resources.
2018-10-08 10:49:24,401 [Worker-9: Building workspace] INFO  o.e.m.c.i.embedder.EclipseLogger - Copying 1 resource
2018-10-08 10:49:24,404 [Worker-9: Building workspace] INFO  o.e.m.c.i.embedder.EclipseLogger - Using 'UTF-8' encoding to copy filtered resources.
2018-10-08 10:49:24,405 [Worker-9: Building workspace] INFO  o.e.m.c.i.embedder.EclipseLogger - skip non existing resourceDirectory C:\Users\NAHBJ78\Documents\Java_AcaDDemICT_Track\JAVA_XML_PROCESSING\Exercices\SaxManager\src\test\resources
2018-10-08 10:57:15,883 [Worker-18: Building workspace] INFO  o.e.m.c.i.embedder.EclipseLogger - Using 'UTF-8' encoding to copy filtered resources.
2018-10-08 10:57:15,883 [Worker-18: Building workspace] INFO  o.e.m.c.i.embedder.EclipseLogger - Copying 1 resource
2018-10-08 10:57:15,886 [Worker-18: Building workspace] INFO  o.e.m.c.i.embedder.EclipseLogger - Using 'UTF-8' encoding to copy filtered resources.
2018-10-08 10:57:15,886 [Worker-18: Building workspace] INFO  o.e.m.c.i.embedder.EclipseLogger - skip non existing resourceDirectory C:\Users\NAHBJ78\Documents\Java_AcaDDemICT_Track\JAVA_XML_PROCESSING\Exercices\SaxManager\src\test\resources
2018-10-08 10:57:32,023 [Worker-15: Building workspace] INFO  o.e.m.c.i.embedder.EclipseLogger - Using 'UTF-8' encoding to copy filtered resources.
2018-10-08 10:57:32,025 [Worker-15: Building workspace] INFO  o.e.m.c.i.embedder.EclipseLogger - Copying 1 resource
2018-10-08 10:57:32,028 [Worker-15: Building workspace] INFO  o.e.m.c.i.embedder.EclipseLogger - Using 'UTF-8' encoding to copy filtered resources.
2018-10-08 10:57:32,028 [Worker-15: Building workspace] INFO  o.e.m.c.i.embedder.EclipseLogger - skip non existing resourceDirectory C:\Users\NAHBJ78\Documents\Java_AcaDDemICT_Track\JAVA_XML_PROCESSING\Exercices\SaxManager\src\test\resources
2018-10-08 11:02:51,816 [Worker-20: Building workspace] INFO  o.e.m.c.i.embedder.EclipseLogger - Using 'UTF-8' encoding to copy filtered resources.
2018-10-08 11:02:51,817 [Worker-20: Building workspace] INFO  o.e.m.c.i.embedder.EclipseLogger - Copying 1 resource
2018-10-08 11:02:51,818 [Worker-20: Building workspace] INFO  o.e.m.c.i.embedder.EclipseLogger - Using 'UTF-8' encoding to copy filtered resources.
2018-10-08 11:02:51,819 [Worker-20: Building workspace] INFO  o.e.m.c.i.embedder.EclipseLogger - skip non existing resourceDirectory C:\Users\NAHBJ78\Documents\Java_AcaDDemICT_Track\JAVA_XML_PROCESSING\Exercices\SaxManager\src\test\resources
2018-10-08 11:04:28,255 [Worker-18: Building workspace] INFO  o.e.m.c.i.embedder.EclipseLogger - Using 'UTF-8' encoding to copy filtered resources.
2018-10-08 11:04:28,257 [Worker-18: Building workspace] INFO  o.e.m.c.i.embedder.EclipseLogger - Copying 1 resource
2018-10-08 11:04:28,260 [Worker-18: Building workspace] INFO  o.e.m.c.i.embedder.EclipseLogger - Using 'UTF-8' encoding to copy filtered resources.
2018-10-08 11:04:28,261 [Worker-18: Building workspace] INFO  o.e.m.c.i.embedder.EclipseLogger - skip non existing resourceDirectory C:\Users\NAHBJ78\Documents\Java_AcaDDemICT_Track\JAVA_XML_PROCESSING\Exercices\SaxManager\src\test\resources
2018-10-08 11:05:12,916 [Worker-18: Building workspace] INFO  o.e.m.c.i.embedder.EclipseLogger - Using 'UTF-8' encoding to copy filtered resources.
2018-10-08 11:05:12,918 [Worker-18: Building workspace] INFO  o.e.m.c.i.embedder.EclipseLogger - Copying 1 resource
2018-10-08 11:05:12,921 [Worker-18: Building workspace] INFO  o.e.m.c.i.embedder.EclipseLogger - Using 'UTF-8' encoding to copy filtered resources.
2018-10-08 11:05:12,921 [Worker-18: Building workspace] INFO  o.e.m.c.i.embedder.EclipseLogger - skip non existing resourceDirectory C:\Users\NAHBJ78\Documents\Java_AcaDDemICT_Track\JAVA_XML_PROCESSING\Exercices\SaxManager\src\test\resources
2018-10-08 11:05:35,767 [Worker-15: Building workspace] INFO  o.e.m.c.i.embedder.EclipseLogger - Using 'UTF-8' encoding to copy filtered resources.
2018-10-08 11:05:35,768 [Worker-15: Building workspace] INFO  o.e.m.c.i.embedder.EclipseLogger - Copying 1 resource
2018-10-08 11:05:35,771 [Worker-15: Building workspace] INFO  o.e.m.c.i.embedder.EclipseLogger - Using 'UTF-8' encoding to copy filtered resources.
2018-10-08 11:05:35,771 [Worker-15: Building workspace] INFO  o.e.m.c.i.embedder.EclipseLogger - skip non existing resourceDirectory C:\Users\NAHBJ78\Documents\Java_AcaDDemICT_Track\JAVA_XML_PROCESSING\Exercices\SaxManager\src\test\resources
2018-10-08 11:06:14,094 [Worker-15: Building workspace] INFO  o.e.m.c.i.embedder.EclipseLogger - Using 'UTF-8' encoding to copy filtered resources.
2018-10-08 11:06:14,095 [Worker-15: Building workspace] INFO  o.e.m.c.i.embedder.EclipseLogger - Copying 1 resource
2018-10-08 11:06:14,099 [Worker-15: Building workspace] INFO  o.e.m.c.i.embedder.EclipseLogger - Using 'UTF-8' encoding to copy filtered resources.
2018-10-08 11:06:14,099 [Worker-15: Building workspace] INFO  o.e.m.c.i.embedder.EclipseLogger - skip non existing resourceDirectory C:\Users\NAHBJ78\Documents\Java_AcaDDemICT_Track\JAVA_XML_PROCESSING\Exercices\SaxManager\src\test\resources
2018-10-08 11:08:55,795 [Worker-20: Building workspace] INFO  o.e.m.c.i.embedder.EclipseLogger - Using 'UTF-8' encoding to copy filtered resources.
2018-10-08 11:08:55,797 [Worker-20: Building workspace] INFO  o.e.m.c.i.embedder.EclipseLogger - Copying 1 resource
2018-10-08 11:08:55,799 [Worker-20: Building workspace] INFO  o.e.m.c.i.embedder.EclipseLogger - Using 'UTF-8' encoding to copy filtered resources.
2018-10-08 11:08:55,799 [Worker-20: Building workspace] INFO  o.e.m.c.i.embedder.EclipseLogger - skip non existing resourceDirectory C:\Users\NAHBJ78\Documents\Java_AcaDDemICT_Track\JAVA_XML_PROCESSING\Exercices\SaxManager\src\test\resources
2018-10-08 11:09:17,806 [Worker-21: Building workspace] INFO  o.e.m.c.i.embedder.EclipseLogger - Using 'UTF-8' encoding to copy filtered resources.
2018-10-08 11:09:17,808 [Worker-21: Building workspace] INFO  o.e.m.c.i.embedder.EclipseLogger - Copying 1 resource
2018-10-08 11:09:17,811 [Worker-21: Building workspace] INFO  o.e.m.c.i.embedder.EclipseLogger - Using 'UTF-8' encoding to copy filtered resources.
2018-10-08 11:09:17,812 [Worker-21: Building workspace] INFO  o.e.m.c.i.embedder.EclipseLogger - skip non existing resourceDirectory C:\Users\NAHBJ78\Documents\Java_AcaDDemICT_Track\JAVA_XML_PROCESSING\Exercices\SaxManager\src\test\resources
2018-10-08 11:10:36,719 [Worker-18: Building workspace] INFO  o.e.m.c.i.embedder.EclipseLogger - Using 'UTF-8' encoding to copy filtered resources.
2018-10-08 11:10:36,720 [Worker-18: Building workspace] INFO  o.e.m.c.i.embedder.EclipseLogger - Copying 1 resource
2018-10-08 11:10:36,722 [Worker-18: Building workspace] INFO  o.e.m.c.i.embedder.EclipseLogger - Using 'UTF-8' encoding to copy filtered resources.
2018-10-08 11:10:36,723 [Worker-18: Building workspace] INFO  o.e.m.c.i.embedder.EclipseLogger - skip non existing resourceDirectory C:\Users\NAHBJ78\Documents\Java_AcaDDemICT_Track\JAVA_XML_PROCESSING\Exercices\SaxManager\src\test\resources
2018-10-08 11:11:15,111 [Worker-21: Building workspace] INFO  o.e.m.c.i.embedder.EclipseLogger - Using 'UTF-8' encoding to copy filtered resources.
2018-10-08 11:11:15,113 [Worker-21: Building workspace] INFO  o.e.m.c.i.embedder.EclipseLogger - Copying 1 resource
2018-10-08 11:11:15,115 [Worker-21: Building workspace] INFO  o.e.m.c.i.embedder.EclipseLogger - Using 'UTF-8' encoding to copy filtered resources.
2018-10-08 11:11:15,115 [Worker-21: Building workspace] INFO  o.e.m.c.i.embedder.EclipseLogger - skip non existing resourceDirectory C:\Users\NAHBJ78\Documents\Java_AcaDDemICT_Track\JAVA_XML_PROCESSING\Exercices\SaxManager\src\test\resources
2018-10-08 11:11:57,847 [Worker-19: Building workspace] INFO  o.e.m.c.i.embedder.EclipseLogger - Using 'UTF-8' encoding to copy filtered resources.
2018-10-08 11:11:57,849 [Worker-19: Building workspace] INFO  o.e.m.c.i.embedder.EclipseLogger - Copying 1 resource
2018-10-08 11:11:57,851 [Worker-19: Building workspace] INFO  o.e.m.c.i.embedder.EclipseLogger - Using 'UTF-8' encoding to copy filtered resources.
2018-10-08 11:11:57,852 [Worker-19: Building workspace] INFO  o.e.m.c.i.embedder.EclipseLogger - skip non existing resourceDirectory C:\Users\NAHBJ78\Documents\Java_AcaDDemICT_Track\JAVA_XML_PROCESSING\Exercices\SaxManager\src\test\resources
2018-10-08 11:16:31,670 [Worker-3: Building workspace] INFO  o.e.m.c.i.embedder.EclipseLogger - Using 'UTF-8' encoding to copy filtered resources.
2018-10-08 11:16:31,671 [Worker-3: Building workspace] INFO  o.e.m.c.i.embedder.EclipseLogger - Copying 1 resource
2018-10-08 11:16:31,673 [Worker-3: Building workspace] INFO  o.e.m.c.i.embedder.EclipseLogger - Using 'UTF-8' encoding to copy filtered resources.
2018-10-08 11:16:31,673 [Worker-3: Building workspace] INFO  o.e.m.c.i.embedder.EclipseLogger - skip non existing resourceDirectory C:\Users\NAHBJ78\Documents\Java_AcaDDemICT_Track\JAVA_XML_PROCESSING\Exercices\SaxManager\src\test\resources
2018-10-08 11:17:00,727 [Worker-23: Building workspace] INFO  o.e.m.c.i.embedder.EclipseLogger - Using 'UTF-8' encoding to copy filtered resources.
2018-10-08 11:17:00,728 [Worker-23: Building workspace] INFO  o.e.m.c.i.embedder.EclipseLogger - Copying 1 resource
2018-10-08 11:17:00,731 [Worker-23: Building workspace] INFO  o.e.m.c.i.embedder.EclipseLogger - Using 'UTF-8' encoding to copy filtered resources.
2018-10-08 11:17:00,731 [Worker-23: Building workspace] INFO  o.e.m.c.i.embedder.EclipseLogger - skip non existing resourceDirectory C:\Users\NAHBJ78\Documents\Java_AcaDDemICT_Track\JAVA_XML_PROCESSING\Exercices\SaxManager\src\test\resources
2018-10-08 11:18:28,071 [Worker-18: Building workspace] INFO  o.e.m.c.i.embedder.EclipseLogger - Using 'UTF-8' encoding to copy filtered resources.
2018-10-08 11:18:28,072 [Worker-18: Building workspace] INFO  o.e.m.c.i.embedder.EclipseLogger - Copying 1 resource
2018-10-08 11:18:28,074 [Worker-18: Building workspace] INFO  o.e.m.c.i.embedder.EclipseLogger - Using 'UTF-8' encoding to copy filtered resources.
2018-10-08 11:18:28,074 [Worker-18: Building workspace] INFO  o.e.m.c.i.embedder.EclipseLogger - skip non existing resourceDirectory C:\Users\NAHBJ78\Documents\Java_AcaDDemICT_Track\JAVA_XML_PROCESSING\Exercices\SaxManager\src\test\resources
2018-10-08 11:19:37,642 [Worker-24: Building workspace] INFO  o.e.m.c.i.embedder.EclipseLogger - Using 'UTF-8' encoding to copy filtered resources.
2018-10-08 11:19:37,644 [Worker-24: Building workspace] INFO  o.e.m.c.i.embedder.EclipseLogger - Copying 1 resource
2018-10-08 11:19:37,646 [Worker-24: Building workspace] INFO  o.e.m.c.i.embedder.EclipseLogger - Using 'UTF-8' encoding to copy filtered resources.
2018-10-08 11:19:37,647 [Worker-24: Building workspace] INFO  o.e.m.c.i.embedder.EclipseLogger - skip non existing resourceDirectory C:\Users\NAHBJ78\Documents\Java_AcaDDemICT_Track\JAVA_XML_PROCESSING\Exercices\SaxManager\src\test\resources
2018-10-08 11:22:19,671 [Worker-23: Building workspace] INFO  o.e.m.c.i.embedder.EclipseLogger - Using 'UTF-8' encoding to copy filtered resources.
2018-10-08 11:22:19,672 [Worker-23: Building workspace] INFO  o.e.m.c.i.embedder.EclipseLogger - Copying 1 resource
2018-10-08 11:22:19,673 [Worker-23: Building workspace] INFO  o.e.m.c.i.embedder.EclipseLogger - Using 'UTF-8' encoding to copy filtered resources.
2018-10-08 11:22:19,673 [Worker-23: Building workspace] INFO  o.e.m.c.i.embedder.EclipseLogger - skip non existing resourceDirectory C:\Users\NAHBJ78\Documents\Java_AcaDDemICT_Track\JAVA_XML_PROCESSING\Exercices\SaxManager\src\test\resources
2018-10-08 11:22:43,536 [Worker-22: Building workspace] INFO  o.e.m.c.i.embedder.EclipseLogger - Using 'UTF-8' encoding to copy filtered resources.
2018-10-08 11:22:43,538 [Worker-22: Building workspace] INFO  o.e.m.c.i.embedder.EclipseLogger - Copying 1 resource
2018-10-08 11:22:43,542 [Worker-22: Building workspace] INFO  o.e.m.c.i.embedder.EclipseLogger - Using 'UTF-8' encoding to copy filtered resources.
2018-10-08 11:22:43,543 [Worker-22: Building workspace] INFO  o.e.m.c.i.embedder.EclipseLogger - skip non existing resourceDirectory C:\Users\NAHBJ78\Documents\Java_AcaDDemICT_Track\JAVA_XML_PROCESSING\Exercices\SaxManager\src\test\resources
2018-10-08 11:25:18,051 [Worker-28: Building workspace] INFO  o.e.m.c.i.embedder.EclipseLogger - Using 'UTF-8' encoding to copy filtered resources.
2018-10-08 11:25:18,053 [Worker-28: Building workspace] INFO  o.e.m.c.i.embedder.EclipseLogger - Copying 1 resource
2018-10-08 11:25:18,056 [Worker-28: Building workspace] INFO  o.e.m.c.i.embedder.EclipseLogger - Using 'UTF-8' encoding to copy filtered resources.
2018-10-08 11:25:18,057 [Worker-28: Building workspace] INFO  o.e.m.c.i.embedder.EclipseLogger - skip non existing resourceDirectory C:\Users\NAHBJ78\Documents\Java_AcaDDemICT_Track\JAVA_XML_PROCESSING\Exercices\SaxManager\src\test\resources
2018-10-08 11:27:21,656 [Worker-24: Building workspace] INFO  o.e.m.c.i.embedder.EclipseLogger - Using 'UTF-8' encoding to copy filtered resources.
2018-10-08 11:27:21,659 [Worker-24: Building workspace] INFO  o.e.m.c.i.embedder.EclipseLogger - Copying 1 resource
2018-10-08 11:27:21,662 [Worker-24: Building workspace] INFO  o.e.m.c.i.embedder.EclipseLogger - Using 'UTF-8' encoding to copy filtered resources.
2018-10-08 11:27:21,662 [Worker-24: Building workspace] INFO  o.e.m.c.i.embedder.EclipseLogger - skip non existing resourceDirectory C:\Users\NAHBJ78\Documents\Java_AcaDDemICT_Track\JAVA_XML_PROCESSING\Exercices\SaxManager\src\test\resources
2018-10-08 11:27:30,426 [Worker-26: Building workspace] INFO  o.e.m.c.i.embedder.EclipseLogger - Using 'UTF-8' encoding to copy filtered resources.
2018-10-08 11:27:30,429 [Worker-26: Building workspace] INFO  o.e.m.c.i.embedder.EclipseLogger - Copying 1 resource
2018-10-08 11:27:30,430 [Worker-26: Building workspace] INFO  o.e.m.c.i.embedder.EclipseLogger - Using 'UTF-8' encoding to copy filtered resources.
2018-10-08 11:27:30,430 [Worker-26: Building workspace] INFO  o.e.m.c.i.embedder.EclipseLogger - skip non existing resourceDirectory C:\Users\NAHBJ78\Documents\Java_AcaDDemICT_Track\JAVA_XML_PROCESSING\Exercices\SaxManager\src\test\resources
2018-10-08 11:28:12,136 [Worker-29: Building workspace] INFO  o.e.m.c.i.embedder.EclipseLogger - Using 'UTF-8' encoding to copy filtered resources.
2018-10-08 11:28:12,138 [Worker-29: Building workspace] INFO  o.e.m.c.i.embedder.EclipseLogger - Copying 1 resource
2018-10-08 11:28:12,140 [Worker-29: Building workspace] INFO  o.e.m.c.i.embedder.EclipseLogger - Using 'UTF-8' encoding to copy filtered resources.
2018-10-08 11:28:12,141 [Worker-29: Building workspace] INFO  o.e.m.c.i.embedder.EclipseLogger - skip non existing resourceDirectory C:\Users\NAHBJ78\Documents\Java_AcaDDemICT_Track\JAVA_XML_PROCESSING\Exercices\SaxManager\src\test\resources
2018-10-08 11:41:28,993 [Worker-35: Launching App] INFO  o.e.m.c.i.embedder.EclipseLogger - Using 'UTF-8' encoding to copy filtered resources.
2018-10-08 11:41:28,994 [Worker-35: Launching App] INFO  o.e.m.c.i.embedder.EclipseLogger - Copying 1 resource
2018-10-08 11:41:28,997 [Worker-35: Launching App] INFO  o.e.m.c.i.embedder.EclipseLogger - Using 'UTF-8' encoding to copy filtered resources.
2018-10-08 11:41:28,997 [Worker-35: Launching App] INFO  o.e.m.c.i.embedder.EclipseLogger - skip non existing resourceDirectory C:\Users\NAHBJ78\Documents\Java_AcaDDemICT_Track\JAVA_XML_PROCESSING\Exercices\SaxManager\src\test\resources
2018-10-08 11:45:38,548 [Worker-39: Building workspace] INFO  o.e.m.c.i.embedder.EclipseLogger - Using 'UTF-8' encoding to copy filtered resources.
2018-10-08 11:45:38,550 [Worker-39: Building workspace] INFO  o.e.m.c.i.embedder.EclipseLogger - Copying 1 resource
2018-10-08 11:45:38,552 [Worker-39: Building workspace] INFO  o.e.m.c.i.embedder.EclipseLogger - Using 'UTF-8' encoding to copy filtered resources.
2018-10-08 11:45:38,553 [Worker-39: Building workspace] INFO  o.e.m.c.i.embedder.EclipseLogger - skip non existing resourceDirectory C:\Users\NAHBJ78\Documents\Java_AcaDDemICT_Track\JAVA_XML_PROCESSING\Exercices\SaxManager\src\test\resources
2018-10-08 11:45:42,487 [Worker-43: Building workspace] INFO  o.e.m.c.i.embedder.EclipseLogger - Using 'UTF-8' encoding to copy filtered resources.
2018-10-08 11:45:42,489 [Worker-43: Building workspace] INFO  o.e.m.c.i.embedder.EclipseLogger - Copying 1 resource
2018-10-08 11:45:42,492 [Worker-43: Building workspace] INFO  o.e.m.c.i.embedder.EclipseLogger - Using 'UTF-8' encoding to copy filtered resources.
2018-10-08 11:45:42,493 [Worker-43: Building workspace] INFO  o.e.m.c.i.embedder.EclipseLogger - skip non existing resourceDirectory C:\Users\NAHBJ78\Documents\Java_AcaDDemICT_Track\JAVA_XML_PROCESSING\Exercices\SaxManager\src\test\resources
2018-10-08 11:47:21,307 [Worker-43: Creating maven-archetype-quickstart] INFO  o.e.m.c.i.p.ProjectConfigurationManager - Collecting project info '/pom.xml' C:\Users\NAHBJ78\Documents\Java_AcaDDemICT_Track\JAVA_XML_PROCESSING\Exercices\DomManager\pom.xml
2018-10-08 11:47:21,442 [Worker-43: Creating maven-archetype-quickstart] INFO  o.e.m.c.i.l.LifecycleMappingFactory - Using org.eclipse.m2e.jdt.JarLifecycleMapping lifecycle mapping for MavenProject: com.realdolmen.xml:DomManager:0.0.1-SNAPSHOT @ C:\Users\NAHBJ78\Documents\Java_AcaDDemICT_Track\JAVA_XML_PROCESSING\Exercices\DomManager\pom.xml.
2018-10-08 11:47:21,555 [Worker-43: Creating maven-archetype-quickstart] INFO  o.e.m.j.i.AbstractJavaProjectConfigurator - Adding source folder /DomManager/src/main/java
2018-10-08 11:47:21,561 [Worker-43: Creating maven-archetype-quickstart] INFO  o.e.m.j.i.AbstractJavaProjectConfigurator - Adding source folder /DomManager/src/test/java
2018-10-08 11:47:21,630 [Worker-43: Creating maven-archetype-quickstart] INFO  o.e.m.c.i.p.ProjectConfigurationManager - Imported and configured 1 project(s) in 0 sec
2018-10-08 11:47:21,991 [Worker-41: Building workspace] INFO  o.e.m.c.i.embedder.EclipseLogger - Using 'UTF-8' encoding to copy filtered resources.
2018-10-08 11:47:21,991 [Worker-41: Building workspace] INFO  o.e.m.c.i.embedder.EclipseLogger - skip non existing resourceDirectory C:\Users\NAHBJ78\Documents\Java_AcaDDemICT_Track\JAVA_XML_PROCESSING\Exercices\DomManager\src\main\resources
2018-10-08 11:47:21,992 [Worker-41: Building workspace] INFO  o.e.m.c.i.embedder.EclipseLogger - Using 'UTF-8' encoding to copy filtered resources.
2018-10-08 11:47:21,993 [Worker-41: Building workspace] INFO  o.e.m.c.i.embedder.EclipseLogger - skip non existing resourceDirectory C:\Users\NAHBJ78\Documents\Java_AcaDDemICT_Track\JAVA_XML_PROCESSING\Exercices\DomManager\src\test\resources
2018-10-08 11:47:44,408 [Worker-43: Building workspace] INFO  o.e.m.c.i.embedder.EclipseLogger - Using 'UTF-8' encoding to copy filtered resources.
2018-10-08 11:47:44,409 [Worker-43: Building workspace] INFO  o.e.m.c.i.embedder.EclipseLogger - skip non existing resourceDirectory C:\Users\NAHBJ78\Documents\Java_AcaDDemICT_Track\JAVA_XML_PROCESSING\Exercices\DomManager\src\main\resources
2018-10-08 11:47:44,409 [Worker-43: Building workspace] INFO  o.e.m.c.i.embedder.EclipseLogger - Using 'UTF-8' encoding to copy filtered resources.
2018-10-08 11:47:44,410 [Worker-43: Building workspace] INFO  o.e.m.c.i.embedder.EclipseLogger - skip non existing resourceDirectory C:\Users\NAHBJ78\Documents\Java_AcaDDemICT_Track\JAVA_XML_PROCESSING\Exercices\DomManager\src\test\resources
2018-10-08 11:54:34,843 [Worker-44: Building workspace] INFO  o.e.m.c.i.embedder.EclipseLogger - Using 'UTF-8' encoding to copy filtered resources.
2018-10-08 11:54:34,843 [Worker-44: Building workspace] INFO  o.e.m.c.i.embedder.EclipseLogger - skip non existing resourceDirectory C:\Users\NAHBJ78\Documents\Java_AcaDDemICT_Track\JAVA_XML_PROCESSING\Exercices\DomManager\src\main\resources
2018-10-08 11:54:34,844 [Worker-44: Building workspace] INFO  o.e.m.c.i.embedder.EclipseLogger - Using 'UTF-8' encoding to copy filtered resources.
2018-10-08 11:54:34,845 [Worker-44: Building workspace] INFO  o.e.m.c.i.embedder.EclipseLogger - skip non existing resourceDirectory C:\Users\NAHBJ78\Documents\Java_AcaDDemICT_Track\JAVA_XML_PROCESSING\Exercices\DomManager\src\test\resources
2018-10-08 11:55:24,552 [Worker-47: Building workspace] INFO  o.e.m.c.i.embedder.EclipseLogger - Using 'UTF-8' encoding to copy filtered resources.
2018-10-08 11:55:24,552 [Worker-47: Building workspace] INFO  o.e.m.c.i.embedder.EclipseLogger - skip non existing resourceDirectory C:\Users\NAHBJ78\Documents\Java_AcaDDemICT_Track\JAVA_XML_PROCESSING\Exercices\DomManager\src\main\resources
2018-10-08 11:55:24,554 [Worker-47: Building workspace] INFO  o.e.m.c.i.embedder.EclipseLogger - Using 'UTF-8' encoding to copy filtered resources.
2018-10-08 11:55:24,555 [Worker-47: Building workspace] INFO  o.e.m.c.i.embedder.EclipseLogger - skip non existing resourceDirectory C:\Users\NAHBJ78\Documents\Java_AcaDDemICT_Track\JAVA_XML_PROCESSING\Exercices\DomManager\src\test\resources
2018-10-08 11:58:22,669 [Worker-50: Building workspace] INFO  o.e.m.c.i.embedder.EclipseLogger - Using 'UTF-8' encoding to copy filtered resources.
2018-10-08 11:58:22,670 [Worker-50: Building workspace] INFO  o.e.m.c.i.embedder.EclipseLogger - skip non existing resourceDirectory C:\Users\NAHBJ78\Documents\Java_AcaDDemICT_Track\JAVA_XML_PROCESSING\Exercices\DomManager\src\main\resources
2018-10-08 11:58:22,671 [Worker-50: Building workspace] INFO  o.e.m.c.i.embedder.EclipseLogger - Using 'UTF-8' encoding to copy filtered resources.
2018-10-08 11:58:22,671 [Worker-50: Building workspace] INFO  o.e.m.c.i.embedder.EclipseLogger - skip non existing resourceDirectory C:\Users\NAHBJ78\Documents\Java_AcaDDemICT_Track\JAVA_XML_PROCESSING\Exercices\DomManager\src\test\resources
2018-10-08 11:59:42,741 [Worker-50: Building workspace] INFO  o.e.m.c.i.embedder.EclipseLogger - Using 'UTF-8' encoding to copy filtered resources.
2018-10-08 11:59:42,742 [Worker-50: Building workspace] INFO  o.e.m.c.i.embedder.EclipseLogger - skip non existing resourceDirectory C:\Users\NAHBJ78\Documents\Java_AcaDDemICT_Track\JAVA_XML_PROCESSING\Exercices\DomManager\src\main\resources
2018-10-08 11:59:42,744 [Worker-50: Building workspace] INFO  o.e.m.c.i.embedder.EclipseLogger - Using 'UTF-8' encoding to copy filtered resources.
2018-10-08 11:59:42,744 [Worker-50: Building workspace] INFO  o.e.m.c.i.embedder.EclipseLogger - skip non existing resourceDirectory C:\Users\NAHBJ78\Documents\Java_AcaDDemICT_Track\JAVA_XML_PROCESSING\Exercices\DomManager\src\test\resources
2018-10-08 11:59:52,484 [Worker-46: Building workspace] INFO  o.e.m.c.i.embedder.EclipseLogger - Using 'UTF-8' encoding to copy filtered resources.
2018-10-08 11:59:52,485 [Worker-46: Building workspace] INFO  o.e.m.c.i.embedder.EclipseLogger - skip non existing resourceDirectory C:\Users\NAHBJ78\Documents\Java_AcaDDemICT_Track\JAVA_XML_PROCESSING\Exercices\DomManager\src\main\resources
2018-10-08 11:59:52,487 [Worker-46: Building workspace] INFO  o.e.m.c.i.embedder.EclipseLogger - Using 'UTF-8' encoding to copy filtered resources.
2018-10-08 11:59:52,487 [Worker-46: Building workspace] INFO  o.e.m.c.i.embedder.EclipseLogger - skip non existing resourceDirectory C:\Users\NAHBJ78\Documents\Java_AcaDDemICT_Track\JAVA_XML_PROCESSING\Exercices\DomManager\src\test\resources
2018-10-08 12:00:02,217 [Worker-46: Building workspace] INFO  o.e.m.c.i.embedder.EclipseLogger - Using 'UTF-8' encoding to copy filtered resources.
2018-10-08 12:00:02,217 [Worker-46: Building workspace] INFO  o.e.m.c.i.embedder.EclipseLogger - skip non existing resourceDirectory C:\Users\NAHBJ78\Documents\Java_AcaDDemICT_Track\JAVA_XML_PROCESSING\Exercices\DomManager\src\main\resources
2018-10-08 12:00:02,218 [Worker-46: Building workspace] INFO  o.e.m.c.i.embedder.EclipseLogger - Using 'UTF-8' encoding to copy filtered resources.
2018-10-08 12:00:02,219 [Worker-46: Building workspace] INFO  o.e.m.c.i.embedder.EclipseLogger - skip non existing resourceDirectory C:\Users\NAHBJ78\Documents\Java_AcaDDemICT_Track\JAVA_XML_PROCESSING\Exercices\DomManager\src\test\resources
2018-10-08 12:00:57,446 [Worker-52: Building workspace] INFO  o.e.m.c.i.embedder.EclipseLogger - Using 'UTF-8' encoding to copy filtered resources.
2018-10-08 12:00:57,447 [Worker-52: Building workspace] INFO  o.e.m.c.i.embedder.EclipseLogger - skip non existing resourceDirectory C:\Users\NAHBJ78\Documents\Java_AcaDDemICT_Track\JAVA_XML_PROCESSING\Exercices\DomManager\src\main\resources
2018-10-08 12:00:57,450 [Worker-52: Building workspace] INFO  o.e.m.c.i.embedder.EclipseLogger - Using 'UTF-8' encoding to copy filtered resources.
2018-10-08 12:00:57,451 [Worker-52: Building workspace] INFO  o.e.m.c.i.embedder.EclipseLogger - skip non existing resourceDirectory C:\Users\NAHBJ78\Documents\Java_AcaDDemICT_Track\JAVA_XML_PROCESSING\Exercices\DomManager\src\test\resources
2018-10-08 12:02:34,410 [Worker-53: Building workspace] INFO  o.e.m.c.i.embedder.EclipseLogger - Using 'UTF-8' encoding to copy filtered resources.
2018-10-08 12:02:34,411 [Worker-53: Building workspace] INFO  o.e.m.c.i.embedder.EclipseLogger - skip non existing resourceDirectory C:\Users\NAHBJ78\Documents\Java_AcaDDemICT_Track\JAVA_XML_PROCESSING\Exercices\DomManager\src\main\resources
2018-10-08 12:02:34,413 [Worker-53: Building workspace] INFO  o.e.m.c.i.embedder.EclipseLogger - Using 'UTF-8' encoding to copy filtered resources.
2018-10-08 12:02:34,414 [Worker-53: Building workspace] INFO  o.e.m.c.i.embedder.EclipseLogger - skip non existing resourceDirectory C:\Users\NAHBJ78\Documents\Java_AcaDDemICT_Track\JAVA_XML_PROCESSING\Exercices\DomManager\src\test\resources
2018-10-08 12:02:47,982 [Worker-53: Building workspace] INFO  o.e.m.c.i.embedder.EclipseLogger - Using 'UTF-8' encoding to copy filtered resources.
2018-10-08 12:02:47,983 [Worker-53: Building workspace] INFO  o.e.m.c.i.embedder.EclipseLogger - skip non existing resourceDirectory C:\Users\NAHBJ78\Documents\Java_AcaDDemICT_Track\JAVA_XML_PROCESSING\Exercices\DomManager\src\main\resources
2018-10-08 12:02:47,986 [Worker-53: Building workspace] INFO  o.e.m.c.i.embedder.EclipseLogger - Using 'UTF-8' encoding to copy filtered resources.
2018-10-08 12:02:47,987 [Worker-53: Building workspace] INFO  o.e.m.c.i.embedder.EclipseLogger - skip non existing resourceDirectory C:\Users\NAHBJ78\Documents\Java_AcaDDemICT_Track\JAVA_XML_PROCESSING\Exercices\DomManager\src\test\resources
2018-10-08 12:03:34,112 [Worker-52: Building workspace] INFO  o.e.m.c.i.embedder.EclipseLogger - Using 'UTF-8' encoding to copy filtered resources.
2018-10-08 12:03:34,113 [Worker-52: Building workspace] INFO  o.e.m.c.i.embedder.EclipseLogger - skip non existing resourceDirectory C:\Users\NAHBJ78\Documents\Java_AcaDDemICT_Track\JAVA_XML_PROCESSING\Exercices\DomManager\src\main\resources
2018-10-08 12:03:34,114 [Worker-52: Building workspace] INFO  o.e.m.c.i.embedder.EclipseLogger - Using 'UTF-8' encoding to copy filtered resources.
2018-10-08 12:03:34,115 [Worker-52: Building workspace] INFO  o.e.m.c.i.embedder.EclipseLogger - skip non existing resourceDirectory C:\Users\NAHBJ78\Documents\Java_AcaDDemICT_Track\JAVA_XML_PROCESSING\Exercices\DomManager\src\test\resources
2018-10-08 12:07:43,575 [Worker-52: Building workspace] INFO  o.e.m.c.i.embedder.EclipseLogger - Using 'UTF-8' encoding to copy filtered resources.
2018-10-08 12:07:43,575 [Worker-52: Building workspace] INFO  o.e.m.c.i.embedder.EclipseLogger - skip non existing resourceDirectory C:\Users\NAHBJ78\Documents\Java_AcaDDemICT_Track\JAVA_XML_PROCESSING\Exercices\DomManager\src\main\resources
2018-10-08 12:07:43,576 [Worker-52: Building workspace] INFO  o.e.m.c.i.embedder.EclipseLogger - Using 'UTF-8' encoding to copy filtered resources.
2018-10-08 12:07:43,576 [Worker-52: Building workspace] INFO  o.e.m.c.i.embedder.EclipseLogger - skip non existing resourceDirectory C:\Users\NAHBJ78\Documents\Java_AcaDDemICT_Track\JAVA_XML_PROCESSING\Exercices\DomManager\src\test\resources
2018-10-08 12:07:58,311 [Worker-46: Building workspace] INFO  o.e.m.c.i.embedder.EclipseLogger - Using 'UTF-8' encoding to copy filtered resources.
2018-10-08 12:07:58,311 [Worker-46: Building workspace] INFO  o.e.m.c.i.embedder.EclipseLogger - skip non existing resourceDirectory C:\Users\NAHBJ78\Documents\Java_AcaDDemICT_Track\JAVA_XML_PROCESSING\Exercices\DomManager\src\main\resources
2018-10-08 12:07:58,313 [Worker-46: Building workspace] INFO  o.e.m.c.i.embedder.EclipseLogger - Using 'UTF-8' encoding to copy filtered resources.
2018-10-08 12:07:58,313 [Worker-46: Building workspace] INFO  o.e.m.c.i.embedder.EclipseLogger - skip non existing resourceDirectory C:\Users\NAHBJ78\Documents\Java_AcaDDemICT_Track\JAVA_XML_PROCESSING\Exercices\DomManager\src\test\resources
2018-10-08 12:08:36,800 [Worker-46: Building workspace] INFO  o.e.m.c.i.embedder.EclipseLogger - Using 'UTF-8' encoding to copy filtered resources.
2018-10-08 12:08:36,801 [Worker-46: Building workspace] INFO  o.e.m.c.i.embedder.EclipseLogger - skip non existing resourceDirectory C:\Users\NAHBJ78\Documents\Java_AcaDDemICT_Track\JAVA_XML_PROCESSING\Exercices\DomManager\src\main\resources
2018-10-08 12:08:36,803 [Worker-46: Building workspace] INFO  o.e.m.c.i.embedder.EclipseLogger - Using 'UTF-8' encoding to copy filtered resources.
2018-10-08 12:08:36,804 [Worker-46: Building workspace] INFO  o.e.m.c.i.embedder.EclipseLogger - skip non existing resourceDirectory C:\Users\NAHBJ78\Documents\Java_AcaDDemICT_Track\JAVA_XML_PROCESSING\Exercices\DomManager\src\test\resources
2018-10-08 12:10:52,256 [Worker-45: Building workspace] INFO  o.e.m.c.i.embedder.EclipseLogger - Using 'UTF-8' encoding to copy filtered resources.
2018-10-08 12:10:52,257 [Worker-45: Building workspace] INFO  o.e.m.c.i.embedder.EclipseLogger - skip non existing resourceDirectory C:\Users\NAHBJ78\Documents\Java_AcaDDemICT_Track\JAVA_XML_PROCESSING\Exercices\DomManager\src\main\resources
2018-10-08 12:10:52,259 [Worker-45: Building workspace] INFO  o.e.m.c.i.embedder.EclipseLogger - Using 'UTF-8' encoding to copy filtered resources.
2018-10-08 12:10:52,259 [Worker-45: Building workspace] INFO  o.e.m.c.i.embedder.EclipseLogger - skip non existing resourceDirectory C:\Users\NAHBJ78\Documents\Java_AcaDDemICT_Track\JAVA_XML_PROCESSING\Exercices\DomManager\src\test\resources
2018-10-08 12:10:56,499 [Worker-54: Building workspace] INFO  o.e.m.c.i.embedder.EclipseLogger - Using 'UTF-8' encoding to copy filtered resources.
2018-10-08 12:10:56,500 [Worker-54: Building workspace] INFO  o.e.m.c.i.embedder.EclipseLogger - skip non existing resourceDirectory C:\Users\NAHBJ78\Documents\Java_AcaDDemICT_Track\JAVA_XML_PROCESSING\Exercices\DomManager\src\main\resources
2018-10-08 12:10:56,501 [Worker-54: Building workspace] INFO  o.e.m.c.i.embedder.EclipseLogger - Using 'UTF-8' encoding to copy filtered resources.
2018-10-08 12:10:56,501 [Worker-54: Building workspace] INFO  o.e.m.c.i.embedder.EclipseLogger - skip non existing resourceDirectory C:\Users\NAHBJ78\Documents\Java_AcaDDemICT_Track\JAVA_XML_PROCESSING\Exercices\DomManager\src\test\resources
2018-10-08 12:12:14,955 [Worker-45: Building workspace] INFO  o.e.m.c.i.embedder.EclipseLogger - Using 'UTF-8' encoding to copy filtered resources.
2018-10-08 12:12:14,956 [Worker-45: Building workspace] INFO  o.e.m.c.i.embedder.EclipseLogger - skip non existing resourceDirectory C:\Users\NAHBJ78\Documents\Java_AcaDDemICT_Track\JAVA_XML_PROCESSING\Exercices\DomManager\src\main\resources
2018-10-08 12:12:14,958 [Worker-45: Building workspace] INFO  o.e.m.c.i.embedder.EclipseLogger - Using 'UTF-8' encoding to copy filtered resources.
2018-10-08 12:12:14,959 [Worker-45: Building workspace] INFO  o.e.m.c.i.embedder.EclipseLogger - skip non existing resourceDirectory C:\Users\NAHBJ78\Documents\Java_AcaDDemICT_Track\JAVA_XML_PROCESSING\Exercices\DomManager\src\test\resources
2018-10-08 12:12:32,212 [Worker-55: Building workspace] INFO  o.e.m.c.i.embedder.EclipseLogger - Using 'UTF-8' encoding to copy filtered resources.
2018-10-08 12:12:32,213 [Worker-55: Building workspace] INFO  o.e.m.c.i.embedder.EclipseLogger - skip non existing resourceDirectory C:\Users\NAHBJ78\Documents\Java_AcaDDemICT_Track\JAVA_XML_PROCESSING\Exercices\DomManager\src\main\resources
2018-10-08 12:12:32,214 [Worker-55: Building workspace] INFO  o.e.m.c.i.embedder.EclipseLogger - Using 'UTF-8' encoding to copy filtered resources.
2018-10-08 12:12:32,214 [Worker-55: Building workspace] INFO  o.e.m.c.i.embedder.EclipseLogger - skip non existing resourceDirectory C:\Users\NAHBJ78\Documents\Java_AcaDDemICT_Track\JAVA_XML_PROCESSING\Exercices\DomManager\src\test\resources
2018-10-08 12:15:34,364 [Worker-56: Building workspace] INFO  o.e.m.c.i.embedder.EclipseLogger - Using 'UTF-8' encoding to copy filtered resources.
2018-10-08 12:15:34,364 [Worker-56: Building workspace] INFO  o.e.m.c.i.embedder.EclipseLogger - skip non existing resourceDirectory C:\Users\NAHBJ78\Documents\Java_AcaDDemICT_Track\JAVA_XML_PROCESSING\Exercices\DomManager\src\main\resources
2018-10-08 12:15:34,365 [Worker-56: Building workspace] INFO  o.e.m.c.i.embedder.EclipseLogger - Using 'UTF-8' encoding to copy filtered resources.
2018-10-08 12:15:34,365 [Worker-56: Building workspace] INFO  o.e.m.c.i.embedder.EclipseLogger - skip non existing resourceDirectory C:\Users\NAHBJ78\Documents\Java_AcaDDemICT_Track\JAVA_XML_PROCESSING\Exercices\DomManager\src\test\resources
2018-10-08 12:15:45,888 [Worker-54: Building workspace] INFO  o.e.m.c.i.embedder.EclipseLogger - Using 'UTF-8' encoding to copy filtered resources.
2018-10-08 12:15:45,889 [Worker-54: Building workspace] INFO  o.e.m.c.i.embedder.EclipseLogger - skip non existing resourceDirectory C:\Users\NAHBJ78\Documents\Java_AcaDDemICT_Track\JAVA_XML_PROCESSING\Exercices\DomManager\src\main\resources
2018-10-08 12:15:45,891 [Worker-54: Building workspace] INFO  o.e.m.c.i.embedder.EclipseLogger - Using 'UTF-8' encoding to copy filtered resources.
2018-10-08 12:15:45,892 [Worker-54: Building workspace] INFO  o.e.m.c.i.embedder.EclipseLogger - skip non existing resourceDirectory C:\Users\NAHBJ78\Documents\Java_AcaDDemICT_Track\JAVA_XML_PROCESSING\Exercices\DomManager\src\test\resources
2018-10-08 12:19:02,303 [Worker-57: Building workspace] INFO  o.e.m.c.i.embedder.EclipseLogger - Using 'UTF-8' encoding to copy filtered resources.
2018-10-08 12:19:02,303 [Worker-57: Building workspace] INFO  o.e.m.c.i.embedder.EclipseLogger - skip non existing resourceDirectory C:\Users\NAHBJ78\Documents\Java_AcaDDemICT_Track\JAVA_XML_PROCESSING\Exercices\DomManager\src\main\resources
2018-10-08 12:19:02,305 [Worker-57: Building workspace] INFO  o.e.m.c.i.embedder.EclipseLogger - Using 'UTF-8' encoding to copy filtered resources.
2018-10-08 12:19:02,305 [Worker-57: Building workspace] INFO  o.e.m.c.i.embedder.EclipseLogger - skip non existing resourceDirectory C:\Users\NAHBJ78\Documents\Java_AcaDDemICT_Track\JAVA_XML_PROCESSING\Exercices\DomManager\src\test\resources
2018-10-08 12:19:44,955 [Worker-59: Building workspace] INFO  o.e.m.c.i.embedder.EclipseLogger - Using 'UTF-8' encoding to copy filtered resources.
2018-10-08 12:19:44,956 [Worker-59: Building workspace] INFO  o.e.m.c.i.embedder.EclipseLogger - skip non existing resourceDirectory C:\Users\NAHBJ78\Documents\Java_AcaDDemICT_Track\JAVA_XML_PROCESSING\Exercices\DomManager\src\main\resources
2018-10-08 12:19:44,958 [Worker-59: Building workspace] INFO  o.e.m.c.i.embedder.EclipseLogger - Using 'UTF-8' encoding to copy filtered resources.
2018-10-08 12:19:44,959 [Worker-59: Building workspace] INFO  o.e.m.c.i.embedder.EclipseLogger - skip non existing resourceDirectory C:\Users\NAHBJ78\Documents\Java_AcaDDemICT_Track\JAVA_XML_PROCESSING\Exercices\DomManager\src\test\resources
2018-10-08 12:21:28,200 [Worker-57: Building workspace] INFO  o.e.m.c.i.embedder.EclipseLogger - Using 'UTF-8' encoding to copy filtered resources.
2018-10-08 12:21:28,200 [Worker-57: Building workspace] INFO  o.e.m.c.i.embedder.EclipseLogger - skip non existing resourceDirectory C:\Users\NAHBJ78\Documents\Java_AcaDDemICT_Track\JAVA_XML_PROCESSING\Exercices\DomManager\src\main\resources
2018-10-08 12:21:28,202 [Worker-57: Building workspace] INFO  o.e.m.c.i.embedder.EclipseLogger - Using 'UTF-8' encoding to copy filtered resources.
2018-10-08 12:21:28,202 [Worker-57: Building workspace] INFO  o.e.m.c.i.embedder.EclipseLogger - skip non existing resourceDirectory C:\Users\NAHBJ78\Documents\Java_AcaDDemICT_Track\JAVA_XML_PROCESSING\Exercices\DomManager\src\test\resources
2018-10-08 12:21:53,873 [Worker-59: Building workspace] INFO  o.e.m.c.i.embedder.EclipseLogger - Using 'UTF-8' encoding to copy filtered resources.
2018-10-08 12:21:53,873 [Worker-59: Building workspace] INFO  o.e.m.c.i.embedder.EclipseLogger - skip non existing resourceDirectory C:\Users\NAHBJ78\Documents\Java_AcaDDemICT_Track\JAVA_XML_PROCESSING\Exercices\DomManager\src\main\resources
2018-10-08 12:21:53,875 [Worker-59: Building workspace] INFO  o.e.m.c.i.embedder.EclipseLogger - Using 'UTF-8' encoding to copy filtered resources.
2018-10-08 12:21:53,876 [Worker-59: Building workspace] INFO  o.e.m.c.i.embedder.EclipseLogger - skip non existing resourceDirectory C:\Users\NAHBJ78\Documents\Java_AcaDDemICT_Track\JAVA_XML_PROCESSING\Exercices\DomManager\src\test\resources
2018-10-08 12:22:32,153 [Worker-60: Building workspace] INFO  o.e.m.c.i.embedder.EclipseLogger - Using 'UTF-8' encoding to copy filtered resources.
2018-10-08 12:22:32,153 [Worker-60: Building workspace] INFO  o.e.m.c.i.embedder.EclipseLogger - skip non existing resourceDirectory C:\Users\NAHBJ78\Documents\Java_AcaDDemICT_Track\JAVA_XML_PROCESSING\Exercices\DomManager\src\main\resources
2018-10-08 12:22:32,155 [Worker-60: Building workspace] INFO  o.e.m.c.i.embedder.EclipseLogger - Using 'UTF-8' encoding to copy filtered resources.
2018-10-08 12:22:32,155 [Worker-60: Building workspace] INFO  o.e.m.c.i.embedder.EclipseLogger - skip non existing resourceDirectory C:\Users\NAHBJ78\Documents\Java_AcaDDemICT_Track\JAVA_XML_PROCESSING\Exercices\DomManager\src\test\resources
2018-10-08 12:22:39,544 [Worker-45: Building workspace] INFO  o.e.m.c.i.embedder.EclipseLogger - Using 'UTF-8' encoding to copy filtered resources.
2018-10-08 12:22:39,545 [Worker-45: Building workspace] INFO  o.e.m.c.i.embedder.EclipseLogger - skip non existing resourceDirectory C:\Users\NAHBJ78\Documents\Java_AcaDDemICT_Track\JAVA_XML_PROCESSING\Exercices\DomManager\src\main\resources
2018-10-08 12:22:39,547 [Worker-45: Building workspace] INFO  o.e.m.c.i.embedder.EclipseLogger - Using 'UTF-8' encoding to copy filtered resources.
2018-10-08 12:22:39,547 [Worker-45: Building workspace] INFO  o.e.m.c.i.embedder.EclipseLogger - skip non existing resourceDirectory C:\Users\NAHBJ78\Documents\Java_AcaDDemICT_Track\JAVA_XML_PROCESSING\Exercices\DomManager\src\test\resources
2018-10-08 12:22:59,216 [Worker-60: Building workspace] INFO  o.e.m.c.i.embedder.EclipseLogger - Using 'UTF-8' encoding to copy filtered resources.
2018-10-08 12:22:59,217 [Worker-60: Building workspace] INFO  o.e.m.c.i.embedder.EclipseLogger - skip non existing resourceDirectory C:\Users\NAHBJ78\Documents\Java_AcaDDemICT_Track\JAVA_XML_PROCESSING\Exercices\DomManager\src\main\resources
2018-10-08 12:22:59,218 [Worker-60: Building workspace] INFO  o.e.m.c.i.embedder.EclipseLogger - Using 'UTF-8' encoding to copy filtered resources.
2018-10-08 12:22:59,218 [Worker-60: Building workspace] INFO  o.e.m.c.i.embedder.EclipseLogger - skip non existing resourceDirectory C:\Users\NAHBJ78\Documents\Java_AcaDDemICT_Track\JAVA_XML_PROCESSING\Exercices\DomManager\src\test\resources
2018-10-08 12:23:42,509 [Worker-59: Launching App (1)] INFO  o.e.m.c.i.embedder.EclipseLogger - Using 'UTF-8' encoding to copy filtered resources.
2018-10-08 12:23:42,510 [Worker-59: Launching App (1)] INFO  o.e.m.c.i.embedder.EclipseLogger - skip non existing resourceDirectory C:\Users\NAHBJ78\Documents\Java_AcaDDemICT_Track\JAVA_XML_PROCESSING\Exercices\DomManager\src\main\resources
2018-10-08 12:23:42,511 [Worker-59: Launching App (1)] INFO  o.e.m.c.i.embedder.EclipseLogger - Using 'UTF-8' encoding to copy filtered resources.
2018-10-08 12:23:42,511 [Worker-59: Launching App (1)] INFO  o.e.m.c.i.embedder.EclipseLogger - skip non existing resourceDirectory C:\Users\NAHBJ78\Documents\Java_AcaDDemICT_Track\JAVA_XML_PROCESSING\Exercices\DomManager\src\test\resources
2018-10-08 12:24:51,941 [Worker-60: Launching App (1)] INFO  o.e.m.c.i.embedder.EclipseLogger - Using 'UTF-8' encoding to copy filtered resources.
2018-10-08 12:24:51,941 [Worker-60: Launching App (1)] INFO  o.e.m.c.i.embedder.EclipseLogger - skip non existing resourceDirectory C:\Users\NAHBJ78\Documents\Java_AcaDDemICT_Track\JAVA_XML_PROCESSING\Exercices\DomManager\src\main\resources
2018-10-08 12:24:51,942 [Worker-60: Launching App (1)] INFO  o.e.m.c.i.embedder.EclipseLogger - Using 'UTF-8' encoding to copy filtered resources.
2018-10-08 12:24:51,942 [Worker-60: Launching App (1)] INFO  o.e.m.c.i.embedder.EclipseLogger - skip non existing resourceDirectory C:\Users\NAHBJ78\Documents\Java_AcaDDemICT_Track\JAVA_XML_PROCESSING\Exercices\DomManager\src\test\resources
2018-10-08 12:25:10,978 [Worker-57: Launching App (1)] INFO  o.e.m.c.i.embedder.EclipseLogger - Using 'UTF-8' encoding to copy filtered resources.
2018-10-08 12:25:10,979 [Worker-57: Launching App (1)] INFO  o.e.m.c.i.embedder.EclipseLogger - skip non existing resourceDirectory C:\Users\NAHBJ78\Documents\Java_AcaDDemICT_Track\JAVA_XML_PROCESSING\Exercices\DomManager\src\main\resources
2018-10-08 12:25:10,980 [Worker-57: Launching App (1)] INFO  o.e.m.c.i.embedder.EclipseLogger - Using 'UTF-8' encoding to copy filtered resources.
2018-10-08 12:25:10,980 [Worker-57: Launching App (1)] INFO  o.e.m.c.i.embedder.EclipseLogger - skip non existing resourceDirectory C:\Users\NAHBJ78\Documents\Java_AcaDDemICT_Track\JAVA_XML_PROCESSING\Exercices\DomManager\src\test\resources
2018-10-08 12:25:28,171 [Worker-65: Building workspace] INFO  o.e.m.c.i.embedder.EclipseLogger - Using 'UTF-8' encoding to copy filtered resources.
2018-10-08 12:25:28,172 [Worker-65: Building workspace] INFO  o.e.m.c.i.embedder.EclipseLogger - skip non existing resourceDirectory C:\Users\NAHBJ78\Documents\Java_AcaDDemICT_Track\JAVA_XML_PROCESSING\Exercices\DomManager\src\main\resources
2018-10-08 12:25:28,174 [Worker-65: Building workspace] INFO  o.e.m.c.i.embedder.EclipseLogger - Using 'UTF-8' encoding to copy filtered resources.
2018-10-08 12:25:28,174 [Worker-65: Building workspace] INFO  o.e.m.c.i.embedder.EclipseLogger - skip non existing resourceDirectory C:\Users\NAHBJ78\Documents\Java_AcaDDemICT_Track\JAVA_XML_PROCESSING\Exercices\DomManager\src\test\resources
2018-10-08 12:25:48,185 [Worker-61: Building workspace] INFO  o.e.m.c.i.embedder.EclipseLogger - Using 'UTF-8' encoding to copy filtered resources.
2018-10-08 12:25:48,185 [Worker-61: Building workspace] INFO  o.e.m.c.i.embedder.EclipseLogger - skip non existing resourceDirectory C:\Users\NAHBJ78\Documents\Java_AcaDDemICT_Track\JAVA_XML_PROCESSING\Exercices\DomManager\src\main\resources
2018-10-08 12:25:48,187 [Worker-61: Building workspace] INFO  o.e.m.c.i.embedder.EclipseLogger - Using 'UTF-8' encoding to copy filtered resources.
2018-10-08 12:25:48,187 [Worker-61: Building workspace] INFO  o.e.m.c.i.embedder.EclipseLogger - skip non existing resourceDirectory C:\Users\NAHBJ78\Documents\Java_AcaDDemICT_Track\JAVA_XML_PROCESSING\Exercices\DomManager\src\test\resources
2018-10-08 12:26:08,111 [Worker-62: Building workspace] INFO  o.e.m.c.i.embedder.EclipseLogger - Using 'UTF-8' encoding to copy filtered resources.
2018-10-08 12:26:08,112 [Worker-62: Building workspace] INFO  o.e.m.c.i.embedder.EclipseLogger - skip non existing resourceDirectory C:\Users\NAHBJ78\Documents\Java_AcaDDemICT_Track\JAVA_XML_PROCESSING\Exercices\DomManager\src\main\resources
2018-10-08 12:26:08,113 [Worker-62: Building workspace] INFO  o.e.m.c.i.embedder.EclipseLogger - Using 'UTF-8' encoding to copy filtered resources.
2018-10-08 12:26:08,114 [Worker-62: Building workspace] INFO  o.e.m.c.i.embedder.EclipseLogger - skip non existing resourceDirectory C:\Users\NAHBJ78\Documents\Java_AcaDDemICT_Track\JAVA_XML_PROCESSING\Exercices\DomManager\src\test\resources
2018-10-08 12:26:20,817 [Worker-45: Building workspace] INFO  o.e.m.c.i.embedder.EclipseLogger - Using 'UTF-8' encoding to copy filtered resources.
2018-10-08 12:26:20,818 [Worker-45: Building workspace] INFO  o.e.m.c.i.embedder.EclipseLogger - skip non existing resourceDirectory C:\Users\NAHBJ78\Documents\Java_AcaDDemICT_Track\JAVA_XML_PROCESSING\Exercices\DomManager\src\main\resources
2018-10-08 12:26:20,820 [Worker-45: Building workspace] INFO  o.e.m.c.i.embedder.EclipseLogger - Using 'UTF-8' encoding to copy filtered resources.
2018-10-08 12:26:20,821 [Worker-45: Building workspace] INFO  o.e.m.c.i.embedder.EclipseLogger - skip non existing resourceDirectory C:\Users\NAHBJ78\Documents\Java_AcaDDemICT_Track\JAVA_XML_PROCESSING\Exercices\DomManager\src\test\resources
2018-10-08 12:29:00,187 [Worker-68: Building workspace] INFO  o.e.m.c.i.embedder.EclipseLogger - Using 'UTF-8' encoding to copy filtered resources.
2018-10-08 12:29:00,188 [Worker-68: Building workspace] INFO  o.e.m.c.i.embedder.EclipseLogger - skip non existing resourceDirectory C:\Users\NAHBJ78\Documents\Java_AcaDDemICT_Track\JAVA_XML_PROCESSING\Exercices\DomManager\src\main\resources
2018-10-08 12:29:00,189 [Worker-68: Building workspace] INFO  o.e.m.c.i.embedder.EclipseLogger - Using 'UTF-8' encoding to copy filtered resources.
2018-10-08 12:29:00,189 [Worker-68: Building workspace] INFO  o.e.m.c.i.embedder.EclipseLogger - skip non existing resourceDirectory C:\Users\NAHBJ78\Documents\Java_AcaDDemICT_Track\JAVA_XML_PROCESSING\Exercices\DomManager\src\test\resources
2018-10-08 12:29:13,125 [Worker-68: Building workspace] INFO  o.e.m.c.i.embedder.EclipseLogger - Using 'UTF-8' encoding to copy filtered resources.
2018-10-08 12:29:13,126 [Worker-68: Building workspace] INFO  o.e.m.c.i.embedder.EclipseLogger - skip non existing resourceDirectory C:\Users\NAHBJ78\Documents\Java_AcaDDemICT_Track\JAVA_XML_PROCESSING\Exercices\DomManager\src\main\resources
2018-10-08 12:29:13,126 [Worker-68: Building workspace] INFO  o.e.m.c.i.embedder.EclipseLogger - Using 'UTF-8' encoding to copy filtered resources.
2018-10-08 12:29:13,127 [Worker-68: Building workspace] INFO  o.e.m.c.i.embedder.EclipseLogger - skip non existing resourceDirectory C:\Users\NAHBJ78\Documents\Java_AcaDDemICT_Track\JAVA_XML_PROCESSING\Exercices\DomManager\src\test\resources
2018-10-08 12:29:19,038 [Worker-68: Building workspace] INFO  o.e.m.c.i.embedder.EclipseLogger - Using 'UTF-8' encoding to copy filtered resources.
2018-10-08 12:29:19,038 [Worker-68: Building workspace] INFO  o.e.m.c.i.embedder.EclipseLogger - skip non existing resourceDirectory C:\Users\NAHBJ78\Documents\Java_AcaDDemICT_Track\JAVA_XML_PROCESSING\Exercices\DomManager\src\main\resources
2018-10-08 12:29:19,040 [Worker-68: Building workspace] INFO  o.e.m.c.i.embedder.EclipseLogger - Using 'UTF-8' encoding to copy filtered resources.
2018-10-08 12:29:19,040 [Worker-68: Building workspace] INFO  o.e.m.c.i.embedder.EclipseLogger - skip non existing resourceDirectory C:\Users\NAHBJ78\Documents\Java_AcaDDemICT_Track\JAVA_XML_PROCESSING\Exercices\DomManager\src\test\resources
2018-10-08 12:30:28,085 [Worker-71: Building workspace] INFO  o.e.m.c.i.embedder.EclipseLogger - Using 'UTF-8' encoding to copy filtered resources.
2018-10-08 12:30:28,086 [Worker-71: Building workspace] INFO  o.e.m.c.i.embedder.EclipseLogger - skip non existing resourceDirectory C:\Users\NAHBJ78\Documents\Java_AcaDDemICT_Track\JAVA_XML_PROCESSING\Exercices\DomManager\src\main\resources
2018-10-08 12:30:28,088 [Worker-71: Building workspace] INFO  o.e.m.c.i.embedder.EclipseLogger - Using 'UTF-8' encoding to copy filtered resources.
2018-10-08 12:30:28,088 [Worker-71: Building workspace] INFO  o.e.m.c.i.embedder.EclipseLogger - skip non existing resourceDirectory C:\Users\NAHBJ78\Documents\Java_AcaDDemICT_Track\JAVA_XML_PROCESSING\Exercices\DomManager\src\test\resources
2018-10-08 12:30:37,005 [Worker-69: Building workspace] INFO  o.e.m.c.i.embedder.EclipseLogger - Using 'UTF-8' encoding to copy filtered resources.
2018-10-08 12:30:37,006 [Worker-69: Building workspace] INFO  o.e.m.c.i.embedder.EclipseLogger - Copying 0 resource
2018-10-08 12:30:37,007 [Worker-69: Building workspace] INFO  o.e.m.c.i.embedder.EclipseLogger - Using 'UTF-8' encoding to copy filtered resources.
2018-10-08 12:30:37,007 [Worker-69: Building workspace] INFO  o.e.m.c.i.embedder.EclipseLogger - skip non existing resourceDirectory C:\Users\NAHBJ78\Documents\Java_AcaDDemICT_Track\JAVA_XML_PROCESSING\Exercices\DomManager\src\test\resources
2018-10-08 12:30:53,292 [Worker-71: Building workspace] INFO  o.e.m.c.i.embedder.EclipseLogger - Using 'UTF-8' encoding to copy filtered resources.
2018-10-08 12:30:53,294 [Worker-71: Building workspace] INFO  o.e.m.c.i.embedder.EclipseLogger - Copying 1 resource
2018-10-08 12:30:53,301 [Worker-71: Building workspace] INFO  o.e.m.c.i.embedder.EclipseLogger - Using 'UTF-8' encoding to copy filtered resources.
2018-10-08 12:30:53,302 [Worker-71: Building workspace] INFO  o.e.m.c.i.embedder.EclipseLogger - skip non existing resourceDirectory C:\Users\NAHBJ78\Documents\Java_AcaDDemICT_Track\JAVA_XML_PROCESSING\Exercices\DomManager\src\test\resources
2018-10-08 12:31:01,863 [Worker-45: Building workspace] INFO  o.e.m.c.i.embedder.EclipseLogger - Using 'UTF-8' encoding to copy filtered resources.
2018-10-08 12:31:01,864 [Worker-45: Building workspace] INFO  o.e.m.c.i.embedder.EclipseLogger - Copying 1 resource
2018-10-08 12:31:01,866 [Worker-45: Building workspace] INFO  o.e.m.c.i.embedder.EclipseLogger - Using 'UTF-8' encoding to copy filtered resources.
2018-10-08 12:31:01,867 [Worker-45: Building workspace] INFO  o.e.m.c.i.embedder.EclipseLogger - skip non existing resourceDirectory C:\Users\NAHBJ78\Documents\Java_AcaDDemICT_Track\JAVA_XML_PROCESSING\Exercices\DomManager\src\test\resources
2018-10-08 12:31:26,083 [Worker-45: Building workspace] INFO  o.e.m.c.i.embedder.EclipseLogger - Using 'UTF-8' encoding to copy filtered resources.
2018-10-08 12:31:26,083 [Worker-45: Building workspace] INFO  o.e.m.c.i.embedder.EclipseLogger - Copying 1 resource
2018-10-08 12:31:26,084 [Worker-45: Building workspace] INFO  o.e.m.c.i.embedder.EclipseLogger - Using 'UTF-8' encoding to copy filtered resources.
2018-10-08 12:31:26,085 [Worker-45: Building workspace] INFO  o.e.m.c.i.embedder.EclipseLogger - skip non existing resourceDirectory C:\Users\NAHBJ78\Documents\Java_AcaDDemICT_Track\JAVA_XML_PROCESSING\Exercices\DomManager\src\test\resources
2018-10-08 12:31:45,561 [Worker-69: Building workspace] INFO  o.e.m.c.i.embedder.EclipseLogger - Using 'UTF-8' encoding to copy filtered resources.
2018-10-08 12:31:45,564 [Worker-69: Building workspace] INFO  o.e.m.c.i.embedder.EclipseLogger - Copying 1 resource
2018-10-08 12:31:45,567 [Worker-69: Building workspace] INFO  o.e.m.c.i.embedder.EclipseLogger - Using 'UTF-8' encoding to copy filtered resources.
2018-10-08 12:31:45,568 [Worker-69: Building workspace] INFO  o.e.m.c.i.embedder.EclipseLogger - skip non existing resourceDirectory C:\Users\NAHBJ78\Documents\Java_AcaDDemICT_Track\JAVA_XML_PROCESSING\Exercices\DomManager\src\test\resources
2018-10-08 12:33:23,793 [Worker-71: Building workspace] INFO  o.e.m.c.i.embedder.EclipseLogger - Using 'UTF-8' encoding to copy filtered resources.
2018-10-08 12:33:23,794 [Worker-71: Building workspace] INFO  o.e.m.c.i.embedder.EclipseLogger - Copying 1 resource
2018-10-08 12:33:23,795 [Worker-71: Building workspace] INFO  o.e.m.c.i.embedder.EclipseLogger - Using 'UTF-8' encoding to copy filtered resources.
2018-10-08 12:33:23,795 [Worker-71: Building workspace] INFO  o.e.m.c.i.embedder.EclipseLogger - skip non existing resourceDirectory C:\Users\NAHBJ78\Documents\Java_AcaDDemICT_Track\JAVA_XML_PROCESSING\Exercices\DomManager\src\test\resources
2018-10-08 12:33:44,372 [Worker-73: Building workspace] INFO  o.e.m.c.i.embedder.EclipseLogger - Using 'UTF-8' encoding to copy filtered resources.
2018-10-08 12:33:44,373 [Worker-73: Building workspace] INFO  o.e.m.c.i.embedder.EclipseLogger - Copying 1 resource
2018-10-08 12:33:44,375 [Worker-73: Building workspace] INFO  o.e.m.c.i.embedder.EclipseLogger - Using 'UTF-8' encoding to copy filtered resources.
2018-10-08 12:33:44,375 [Worker-73: Building workspace] INFO  o.e.m.c.i.embedder.EclipseLogger - skip non existing resourceDirectory C:\Users\NAHBJ78\Documents\Java_AcaDDemICT_Track\JAVA_XML_PROCESSING\Exercices\DomManager\src\test\resources
2018-10-08 12:34:43,774 [Worker-70: Launching App (1)] INFO  o.e.m.c.i.embedder.EclipseLogger - Using 'UTF-8' encoding to copy filtered resources.
2018-10-08 12:34:43,775 [Worker-70: Launching App (1)] INFO  o.e.m.c.i.embedder.EclipseLogger - Copying 1 resource
2018-10-08 12:34:43,776 [Worker-70: Launching App (1)] INFO  o.e.m.c.i.embedder.EclipseLogger - Using 'UTF-8' encoding to copy filtered resources.
2018-10-08 12:34:43,776 [Worker-70: Launching App (1)] INFO  o.e.m.c.i.embedder.EclipseLogger - skip non existing resourceDirectory C:\Users\NAHBJ78\Documents\Java_AcaDDemICT_Track\JAVA_XML_PROCESSING\Exercices\DomManager\src\test\resources
2018-10-08 12:34:56,713 [Worker-67: Launching App (1)] INFO  o.e.m.c.i.embedder.EclipseLogger - Using 'UTF-8' encoding to copy filtered resources.
2018-10-08 12:34:56,714 [Worker-67: Launching App (1)] INFO  o.e.m.c.i.embedder.EclipseLogger - Copying 1 resource
2018-10-08 12:34:56,716 [Worker-67: Launching App (1)] INFO  o.e.m.c.i.embedder.EclipseLogger - Using 'UTF-8' encoding to copy filtered resources.
2018-10-08 12:34:56,717 [Worker-67: Launching App (1)] INFO  o.e.m.c.i.embedder.EclipseLogger - skip non existing resourceDirectory C:\Users\NAHBJ78\Documents\Java_AcaDDemICT_Track\JAVA_XML_PROCESSING\Exercices\DomManager\src\test\resources
2018-10-08 12:35:07,755 [Worker-69: Building workspace] INFO  o.e.m.c.i.embedder.EclipseLogger - Using 'UTF-8' encoding to copy filtered resources.
2018-10-08 12:35:07,757 [Worker-69: Building workspace] INFO  o.e.m.c.i.embedder.EclipseLogger - Copying 1 resource
2018-10-08 12:35:07,760 [Worker-69: Building workspace] INFO  o.e.m.c.i.embedder.EclipseLogger - Using 'UTF-8' encoding to copy filtered resources.
2018-10-08 12:35:07,761 [Worker-69: Building workspace] INFO  o.e.m.c.i.embedder.EclipseLogger - skip non existing resourceDirectory C:\Users\NAHBJ78\Documents\Java_AcaDDemICT_Track\JAVA_XML_PROCESSING\Exercices\DomManager\src\test\resources
2018-10-08 12:35:15,743 [Worker-73: Building workspace] INFO  o.e.m.c.i.embedder.EclipseLogger - Using 'UTF-8' encoding to copy filtered resources.
2018-10-08 12:35:15,745 [Worker-73: Building workspace] INFO  o.e.m.c.i.embedder.EclipseLogger - Copying 1 resource
2018-10-08 12:35:15,748 [Worker-73: Building workspace] INFO  o.e.m.c.i.embedder.EclipseLogger - Using 'UTF-8' encoding to copy filtered resources.
2018-10-08 12:35:15,749 [Worker-73: Building workspace] INFO  o.e.m.c.i.embedder.EclipseLogger - skip non existing resourceDirectory C:\Users\NAHBJ78\Documents\Java_AcaDDemICT_Track\JAVA_XML_PROCESSING\Exercices\DomManager\src\test\resources
2018-10-08 12:35:47,146 [Worker-45: Building workspace] INFO  o.e.m.c.i.embedder.EclipseLogger - Using 'UTF-8' encoding to copy filtered resources.
2018-10-08 12:35:47,148 [Worker-45: Building workspace] INFO  o.e.m.c.i.embedder.EclipseLogger - Copying 1 resource
2018-10-08 12:35:47,149 [Worker-45: Building workspace] INFO  o.e.m.c.i.embedder.EclipseLogger - Using 'UTF-8' encoding to copy filtered resources.
2018-10-08 12:35:47,149 [Worker-45: Building workspace] INFO  o.e.m.c.i.embedder.EclipseLogger - skip non existing resourceDirectory C:\Users\NAHBJ78\Documents\Java_AcaDDemICT_Track\JAVA_XML_PROCESSING\Exercices\DomManager\src\test\resources
2018-10-08 12:36:30,701 [Worker-69: Building workspace] INFO  o.e.m.c.i.embedder.EclipseLogger - Using 'UTF-8' encoding to copy filtered resources.
2018-10-08 12:36:30,704 [Worker-69: Building workspace] INFO  o.e.m.c.i.embedder.EclipseLogger - Copying 1 resource
2018-10-08 12:36:30,706 [Worker-69: Building workspace] INFO  o.e.m.c.i.embedder.EclipseLogger - Using 'UTF-8' encoding to copy filtered resources.
2018-10-08 12:36:30,707 [Worker-69: Building workspace] INFO  o.e.m.c.i.embedder.EclipseLogger - skip non existing resourceDirectory C:\Users\NAHBJ78\Documents\Java_AcaDDemICT_Track\JAVA_XML_PROCESSING\Exercices\DomManager\src\test\resources
2018-10-08 12:36:37,639 [Worker-66: Building workspace] INFO  o.e.m.c.i.embedder.EclipseLogger - Using 'UTF-8' encoding to copy filtered resources.
2018-10-08 12:36:37,641 [Worker-66: Building workspace] INFO  o.e.m.c.i.embedder.EclipseLogger - Copying 1 resource
2018-10-08 12:36:37,643 [Worker-66: Building workspace] INFO  o.e.m.c.i.embedder.EclipseLogger - Using 'UTF-8' encoding to copy filtered resources.
2018-10-08 12:36:37,643 [Worker-66: Building workspace] INFO  o.e.m.c.i.embedder.EclipseLogger - skip non existing resourceDirectory C:\Users\NAHBJ78\Documents\Java_AcaDDemICT_Track\JAVA_XML_PROCESSING\Exercices\DomManager\src\test\resources
2018-10-08 12:36:40,328 [Worker-75: Building workspace] INFO  o.e.m.c.i.embedder.EclipseLogger - Using 'UTF-8' encoding to copy filtered resources.
2018-10-08 12:36:40,329 [Worker-75: Building workspace] INFO  o.e.m.c.i.embedder.EclipseLogger - Copying 1 resource
2018-10-08 12:36:40,331 [Worker-75: Building workspace] INFO  o.e.m.c.i.embedder.EclipseLogger - Using 'UTF-8' encoding to copy filtered resources.
2018-10-08 12:36:40,331 [Worker-75: Building workspace] INFO  o.e.m.c.i.embedder.EclipseLogger - skip non existing resourceDirectory C:\Users\NAHBJ78\Documents\Java_AcaDDemICT_Track\JAVA_XML_PROCESSING\Exercices\DomManager\src\test\resources
2018-10-08 12:36:54,641 [Worker-70: Building workspace] INFO  o.e.m.c.i.embedder.EclipseLogger - Using 'UTF-8' encoding to copy filtered resources.
2018-10-08 12:36:54,643 [Worker-70: Building workspace] INFO  o.e.m.c.i.embedder.EclipseLogger - Copying 1 resource
2018-10-08 12:36:54,644 [Worker-70: Building workspace] INFO  o.e.m.c.i.embedder.EclipseLogger - Using 'UTF-8' encoding to copy filtered resources.
2018-10-08 12:36:54,644 [Worker-70: Building workspace] INFO  o.e.m.c.i.embedder.EclipseLogger - skip non existing resourceDirectory C:\Users\NAHBJ78\Documents\Java_AcaDDemICT_Track\JAVA_XML_PROCESSING\Exercices\DomManager\src\test\resources
2018-10-08 12:37:24,159 [Worker-66: Launching App (1)] INFO  o.e.m.c.i.embedder.EclipseLogger - Using 'UTF-8' encoding to copy filtered resources.
2018-10-08 12:37:24,159 [Worker-66: Launching App (1)] INFO  o.e.m.c.i.embedder.EclipseLogger - Copying 1 resource
2018-10-08 12:37:24,161 [Worker-66: Launching App (1)] INFO  o.e.m.c.i.embedder.EclipseLogger - Using 'UTF-8' encoding to copy filtered resources.
2018-10-08 12:37:24,161 [Worker-66: Launching App (1)] INFO  o.e.m.c.i.embedder.EclipseLogger - skip non existing resourceDirectory C:\Users\NAHBJ78\Documents\Java_AcaDDemICT_Track\JAVA_XML_PROCESSING\Exercices\DomManager\src\test\resources
2018-10-08 12:37:35,369 [Worker-75: Building workspace] INFO  o.e.m.c.i.embedder.EclipseLogger - Using 'UTF-8' encoding to copy filtered resources.
2018-10-08 12:37:35,371 [Worker-75: Building workspace] INFO  o.e.m.c.i.embedder.EclipseLogger - Copying 1 resource
2018-10-08 12:37:35,374 [Worker-75: Building workspace] INFO  o.e.m.c.i.embedder.EclipseLogger - Using 'UTF-8' encoding to copy filtered resources.
2018-10-08 12:37:35,374 [Worker-75: Building workspace] INFO  o.e.m.c.i.embedder.EclipseLogger - skip non existing resourceDirectory C:\Users\NAHBJ78\Documents\Java_AcaDDemICT_Track\JAVA_XML_PROCESSING\Exercices\DomManager\src\test\resources
2018-10-08 12:38:57,283 [Worker-69: Building workspace] INFO  o.e.m.c.i.embedder.EclipseLogger - Using 'UTF-8' encoding to copy filtered resources.
2018-10-08 12:38:57,284 [Worker-69: Building workspace] INFO  o.e.m.c.i.embedder.EclipseLogger - Copying 1 resource
2018-10-08 12:38:57,285 [Worker-69: Building workspace] INFO  o.e.m.c.i.embedder.EclipseLogger - Using 'UTF-8' encoding to copy filtered resources.
2018-10-08 12:38:57,285 [Worker-69: Building workspace] INFO  o.e.m.c.i.embedder.EclipseLogger - skip non existing resourceDirectory C:\Users\NAHBJ78\Documents\Java_AcaDDemICT_Track\JAVA_XML_PROCESSING\Exercices\DomManager\src\test\resources
2018-10-08 12:39:15,638 [Worker-68: Building workspace] INFO  o.e.m.c.i.embedder.EclipseLogger - Using 'UTF-8' encoding to copy filtered resources.
2018-10-08 12:39:15,639 [Worker-68: Building workspace] INFO  o.e.m.c.i.embedder.EclipseLogger - Copying 1 resource
2018-10-08 12:39:15,642 [Worker-68: Building workspace] INFO  o.e.m.c.i.embedder.EclipseLogger - Using 'UTF-8' encoding to copy filtered resources.
2018-10-08 12:39:15,642 [Worker-68: Building workspace] INFO  o.e.m.c.i.embedder.EclipseLogger - skip non existing resourceDirectory C:\Users\NAHBJ78\Documents\Java_AcaDDemICT_Track\JAVA_XML_PROCESSING\Exercices\DomManager\src\test\resources
2018-10-08 12:39:34,628 [Worker-70: Building workspace] INFO  o.e.m.c.i.embedder.EclipseLogger - Using 'UTF-8' encoding to copy filtered resources.
2018-10-08 12:39:34,629 [Worker-70: Building workspace] INFO  o.e.m.c.i.embedder.EclipseLogger - Copying 1 resource
2018-10-08 12:39:34,630 [Worker-70: Building workspace] INFO  o.e.m.c.i.embedder.EclipseLogger - Using 'UTF-8' encoding to copy filtered resources.
2018-10-08 12:39:34,631 [Worker-70: Building workspace] INFO  o.e.m.c.i.embedder.EclipseLogger - skip non existing resourceDirectory C:\Users\NAHBJ78\Documents\Java_AcaDDemICT_Track\JAVA_XML_PROCESSING\Exercices\DomManager\src\test\resources
2018-10-08 12:40:32,574 [Worker-69: Building workspace] INFO  o.e.m.c.i.embedder.EclipseLogger - Using 'UTF-8' encoding to copy filtered resources.
2018-10-08 12:40:32,576 [Worker-69: Building workspace] INFO  o.e.m.c.i.embedder.EclipseLogger - Copying 1 resource
2018-10-08 12:40:32,579 [Worker-69: Building workspace] INFO  o.e.m.c.i.embedder.EclipseLogger - Using 'UTF-8' encoding to copy filtered resources.
2018-10-08 12:40:32,580 [Worker-69: Building workspace] INFO  o.e.m.c.i.embedder.EclipseLogger - skip non existing resourceDirectory C:\Users\NAHBJ78\Documents\Java_AcaDDemICT_Track\JAVA_XML_PROCESSING\Exercices\DomManager\src\test\resources
2018-10-08 12:41:21,648 [Worker-70: Launching App (1)] INFO  o.e.m.c.i.embedder.EclipseLogger - Using 'UTF-8' encoding to copy filtered resources.
2018-10-08 12:41:21,650 [Worker-70: Launching App (1)] INFO  o.e.m.c.i.embedder.EclipseLogger - Copying 1 resource
2018-10-08 12:41:21,653 [Worker-70: Launching App (1)] INFO  o.e.m.c.i.embedder.EclipseLogger - Using 'UTF-8' encoding to copy filtered resources.
2018-10-08 12:41:21,653 [Worker-70: Launching App (1)] INFO  o.e.m.c.i.embedder.EclipseLogger - skip non existing resourceDirectory C:\Users\NAHBJ78\Documents\Java_AcaDDemICT_Track\JAVA_XML_PROCESSING\Exercices\DomManager\src\test\resources
2018-10-08 12:45:43,607 [Worker-80: Building workspace] INFO  o.e.m.c.i.embedder.EclipseLogger - Using 'UTF-8' encoding to copy filtered resources.
2018-10-08 12:45:43,610 [Worker-80: Building workspace] INFO  o.e.m.c.i.embedder.EclipseLogger - Copying 1 resource
2018-10-08 12:45:43,611 [Worker-80: Building workspace] INFO  o.e.m.c.i.embedder.EclipseLogger - Using 'UTF-8' encoding to copy filtered resources.
2018-10-08 12:45:43,611 [Worker-80: Building workspace] INFO  o.e.m.c.i.embedder.EclipseLogger - skip non existing resourceDirectory C:\Users\NAHBJ78\Documents\Java_AcaDDemICT_Track\JAVA_XML_PROCESSING\Exercices\DomManager\src\test\resources
